#
# A fatal error has been detected by the Java Runtime Environment:
#
#  EXCEPTION_ACCESS_VIOLATION (0xc0000005) at pc=0x00007ffe234f4042, pid=84740, tid=86676
#
# JRE version: OpenJDK Runtime Environment (15.0.1+9) (build 15.0.1+9-18)
# Java VM: OpenJDK 64-Bit Server VM (15.0.1+9-18, mixed mode, tiered, compressed oops, g1 gc, windows-amd64)
# Problematic frame:
# C  [ntdll.dll+0x24042]
#
# No core dump will be written. Minidumps are not enabled by default on client versions of Windows
#
# If you would like to submit a bug report, please visit:
#   https://bugreport.java.com/bugreport/crash.jsp
# The crash happened outside the Java Virtual Machine in native code.
# See problematic frame for where to report the bug.
#

---------------  S U M M A R Y ------------

Command Line: -Dfile.encoding=Cp1252 -XX:+ShowCodeDetailsInExceptionMessages mario.Launcher

Host: Intel(R) Core(TM) i5-3570K CPU @ 3.40GHz, 4 cores, 7G,  Windows 10 , 64 bit Build 19041 (10.0.19041.662)
Time: Thu Dec 31 00:58:44 2020 Central Standard Time elapsed time: 13.111347 seconds (0d 0h 0m 13s)

---------------  T H R E A D  ---------------

Current thread (0x0000017dcf612020):  JavaThread "Thread-0" [_thread_in_native, id=86676, stack(0x0000003e05500000,0x0000003e05600000)]

Stack: [0x0000003e05500000,0x0000003e05600000],  sp=0x0000003e055fdba0,  free space=1014k
Native frames: (J=compiled Java code, j=interpreted, Vv=VM code, C=native code)
C  [ntdll.dll+0x24042]
C  [ntdll.dll+0x4b4fc]
C  [ntdll.dll+0x9fe3e]
C  [ntdll.dll+0x45f86]
C  [ntdll.dll+0x215b4]
C  [ntdll.dll+0x213e2]
C  0x00007ffe1a14e45c

Java frames: (J=compiled Java code, j=interpreted, Vv=VM code)
j  sun.java2d.d3d.D3DSurfaceData.initOps(III)V+0 java.desktop@15.0.1
j  sun.java2d.d3d.D3DSurfaceData.<init>(Lsun/awt/windows/WComponentPeer;Lsun/java2d/d3d/D3DGraphicsConfig;IILjava/awt/Image;Ljava/awt/image/ColorModel;IILsun/java2d/pipe/hw/ExtendedBufferCapabilities$VSyncType;I)V+212 java.desktop@15.0.1
j  sun.java2d.d3d.D3DSurfaceData.createData(Lsun/awt/windows/WComponentPeer;Ljava/awt/Image;)Lsun/java2d/d3d/D3DSurfaceData;+117 java.desktop@15.0.1
j  sun.java2d.d3d.D3DVolatileSurfaceManager.initAcceleratedSurface()Lsun/java2d/SurfaceData;+68 java.desktop@15.0.1
j  sun.java2d.d3d.D3DVolatileSurfaceManager.restoreAcceleratedSurface()V+49 java.desktop@15.0.1
J 2129 c1 sun.awt.image.VolatileSurfaceManager.validate(Ljava/awt/GraphicsConfiguration;)I java.desktop@15.0.1 (213 bytes) @ 0x0000017db87c98dc [0x0000017db87c9280+0x000000000000065c]
J 2128 c1 sun.awt.image.SunVolatileImage.validate(Ljava/awt/GraphicsConfiguration;)I java.desktop@15.0.1 (9 bytes) @ 0x0000017db87c8eb4 [0x0000017db87c8dc0+0x00000000000000f4]
J 2137 c1 java.awt.Component$FlipBufferStrategy.revalidate()V java.desktop@15.0.1 (145 bytes) @ 0x0000017db87cd134 [0x0000017db87ccca0+0x0000000000000494]
J 2136 c1 java.awt.Component$FlipBufferStrategy.getDrawGraphics()Ljava/awt/Graphics; java.desktop@15.0.1 (12 bytes) @ 0x0000017db87cc834 [0x0000017db87cc740+0x00000000000000f4]
J 2170 c1 mario.Game.render()V (85 bytes) @ 0x0000017db87dcea4 [0x0000017db87dcc40+0x0000000000000264]
J 1915% c2 mario.Game.run()V (136 bytes) @ 0x0000017dbf9d06b8 [0x0000017dbf9d0520+0x0000000000000198]
j  java.lang.Thread.run()V+11 java.base@15.0.1
v  ~StubRoutines::call_stub

siginfo: EXCEPTION_ACCESS_VIOLATION (0xc0000005), reading address 0x00007ffe1a309198


Register to memory mapping:

RIP=0x00007ffe234f4042 ntdll.dll
RAX=0x0000000000003066 is an unknown value
RBX=0x000000000000e45c is an unknown value
RCX=0x000000000000c1a4 is an unknown value
RDX=0x0000000000001023 is an unknown value
RSP=0x0000003e055fdba0 is pointing into the stack for thread: 0x0000017dcf612020
RBP=0x0000003e055fe130 is pointing into the stack for thread: 0x0000017dcf612020
RSI=0x0 is NULL
RDI=0x00007ffe1a2fd000 is an unknown value
R8 =0x00007ffe1a140000 is an unknown value
R9 =0x0000000000000016 is an unknown value
R10=0x00007ffe236504f0 ntdll.dll
R11=0x0000000000000011 is an unknown value
R12=0x0 is NULL
R13=0x00007ffe2364202c ntdll.dll
R14=0x0000003e055fe1d0 is pointing into the stack for thread: 0x0000017dcf612020
R15=0x0000003e055fe148 is pointing into the stack for thread: 0x0000017dcf612020


Registers:
RAX=0x0000000000003066, RBX=0x000000000000e45c, RCX=0x000000000000c1a4, RDX=0x0000000000001023
RSP=0x0000003e055fdba0, RBP=0x0000003e055fe130, RSI=0x0000000000000000, RDI=0x00007ffe1a2fd000
R8 =0x00007ffe1a140000, R9 =0x0000000000000016, R10=0x00007ffe236504f0, R11=0x0000000000000011
R12=0x0000000000000000, R13=0x00007ffe2364202c, R14=0x0000003e055fe1d0, R15=0x0000003e055fe148
RIP=0x00007ffe234f4042, EFLAGS=0x0000000000010206

Top of Stack: (sp=0x0000003e055fdba0)
0x0000003e055fdba0:   0000000000000000 0000003e00000000
0x0000003e055fdbb0:   0000003e055fdbc0 0000003e055fdbc8
0x0000003e055fdbc0:   00007ffe1a2fd000 00007ffe1a140000
0x0000003e055fdbd0:   0000c1a4001cf000 0000000000000000
0x0000003e055fdbe0:   00007ffe1a14e45c 00007ffe2351b4fc
0x0000003e055fdbf0:   0000003e055fe7f0 0000000000000000
0x0000003e055fdc00:   0000000000000000 0000003e055fdc30
0x0000003e055fdc10:   0000003e055fdc30 0000003e055fe150
0x0000003e055fdc20:   0000003e055fe140 0000000000000000
0x0000003e055fdc30:   0000003e055fdc78 0000000000000001
0x0000003e055fdc40:   00000000cedb0220 0000017db7e5a143
0x0000003e055fdc50:   0000003ed8f7fed0 0000017dd06fd770
0x0000003e055fdc60:   00001fa00010000f 0000000081ff0033
0x0000003e055fdc70:   00010213002b13d8 00000000d0826a58
0x0000003e055fdc80:   0000000000000009 0000000000000000
0x0000003e055fdc90:   0000003e055fdc80 0000017dcee14200 

Instructions: (pc=0x00007ffe234f4042)
0x00007ffe234f3f42:   41 83 f8 e7 73 09 48 83 c1 18 48 3b cb 72 c3 b8
0x00007ffe234f3f52:   7b 00 00 c0 89 44 24 20 4c 8b 54 24 28 eb 15 b8
0x00007ffe234f3f62:   7b 00 00 c0 eb cc b8 7b 00 00 c0 89 44 24 20 4c
0x00007ffe234f3f72:   8b 54 24 28 eb 13 b8 7b 00 00 c0 89 44 24 20 4c
0x00007ffe234f3f82:   8b 4c 24 68 4c 8b 54 24 28 85 c0 78 03 4d 89 11
0x00007ffe234f3f92:   48 83 c4 40 5b c3 cc b1 01 48 83 fb 40 0f 83 5b
0x00007ffe234f3fa2:   ff ff ff b8 7b 00 00 c0 eb e6 cc cc cc cc cc cc
0x00007ffe234f3fb2:   cc cc cc cc cc cc cc cc cc cc cc cc cc cc 48 89
0x00007ffe234f3fc2:   5c 24 18 4c 89 74 24 20 41 57 48 83 ec 40 4d 8b
0x00007ffe234f3fd2:   f0 4c 8b fa 48 8b d9 4d 85 c0 0f 85 3c 01 00 00
0x00007ffe234f3fe2:   48 8b 0d 0f c5 15 00 48 89 74 24 50 48 89 7c 24
0x00007ffe234f3ff2:   58 48 3b d9 0f 83 ec 00 00 00 48 8d 54 24 20 48
0x00007ffe234f4002:   8b cb e8 17 03 00 00 48 8b f8 48 85 ff 0f 84 da
0x00007ffe234f4012:   02 00 00 8b 4c 24 34 48 b8 ab aa aa aa aa aa aa
0x00007ffe234f4022:   aa 4c 8b 44 24 28 33 f6 48 f7 e1 4d 89 07 48 c1
0x00007ffe234f4032:   ea 03 85 d2 74 73 8d 42 ff 49 2b d8 48 8d 04 40
0x00007ffe234f4042:   44 8b 1c 87 4c 8d 14 87 49 3b db 73 48 44 8d 42
0x00007ffe234f4052:   fe 44 8b ce 45 85 c0 78 3c 0f 1f 44 00 00 43 8d
0x00007ffe234f4062:   04 08 d1 f8 48 63 c8 48 8d 14 49 4c 8d 14 97 8b
0x00007ffe234f4072:   14 97 48 3b da 72 12 41 8b 4a 0c 44 8b da 48 3b
0x00007ffe234f4082:   d9 72 12 44 8d 48 01 eb 04 44 8d 40 ff 44 8b da
0x00007ffe234f4092:   45 3b c1 7d c9 41 8b c3 48 3b d8 72 0c 41 8b 42
0x00007ffe234f40a2:   04 48 3b d8 73 03 49 8b f2 48 8b 7c 24 58 48 85
0x00007ffe234f40b2:   f6 74 19 4d 85 f6 0f 85 ea 00 00 00 48 85 f6 74
0x00007ffe234f40c2:   0b 8b 46 08 a8 01 0f 85 34 02 00 00 48 8b c6 48
0x00007ffe234f40d2:   8b 74 24 50 48 8b 5c 24 60 4c 8b 74 24 68 48 83
0x00007ffe234f40e2:   c4 40 41 5f c3 cc 8b 05 12 c4 15 00 48 03 c1 48
0x00007ffe234f40f2:   3b d8 0f 83 02 ff ff ff 0f 28 0d ef c3 15 00 f2
0x00007ffe234f4102:   0f 10 05 f7 c3 15 00 66 48 0f 7e cf 0f 11 4c 24
0x00007ffe234f4112:   20 f2 0f 11 44 24 30 e9 ee fe ff ff 41 80 78 07
0x00007ffe234f4122:   00 4c 8d 1d d6 c2 15 00 0f 85 6b 01 00 00 41 80
0x00007ffe234f4132:   78 06 00 0f 84 a7 fe ff ff 48 3b 1d c6 c2 15 00 


Stack slot to memory mapping:
stack at sp + 0 slots: 0x0 is NULL
stack at sp + 1 slots: 0x0000003e00000000 is an unknown value
stack at sp + 2 slots: 0x0000003e055fdbc0 is pointing into the stack for thread: 0x0000017dcf612020
stack at sp + 3 slots: 0x0000003e055fdbc8 is pointing into the stack for thread: 0x0000017dcf612020
stack at sp + 4 slots: 0x00007ffe1a2fd000 is an unknown value
stack at sp + 5 slots: 0x00007ffe1a140000 is an unknown value
stack at sp + 6 slots: 0x0000c1a4001cf000 is an unknown value
stack at sp + 7 slots: 0x0 is NULL


---------------  P R O C E S S  ---------------

Threads class SMR info:
_java_thread_list=0x0000017dd7ef69a0, length=16, elements={
0x0000017dce69cc50, 0x0000017dce69e180, 0x0000017dce699b60, 0x0000017dce69a520,
0x0000017dce69afd0, 0x0000017dceec4340, 0x0000017dcef323f0, 0x0000017dcef495a0,
0x0000017dcf048490, 0x0000017dcf055d00, 0x0000017dcf5a9010, 0x0000017dcf5a94e0,
0x0000017dcf612020, 0x0000017db2c31df0, 0x0000017dcfa98a00, 0x0000017dcf60be90
}

Java Threads: ( => current thread )
  0x0000017dce69cc50 JavaThread "Reference Handler" daemon [_thread_blocked, id=83384, stack(0x0000003e04700000,0x0000003e04800000)]
  0x0000017dce69e180 JavaThread "Finalizer" daemon [_thread_blocked, id=68612, stack(0x0000003e04800000,0x0000003e04900000)]
  0x0000017dce699b60 JavaThread "Signal Dispatcher" daemon [_thread_blocked, id=76772, stack(0x0000003e04900000,0x0000003e04a00000)]
  0x0000017dce69a520 JavaThread "Attach Listener" daemon [_thread_blocked, id=85488, stack(0x0000003e04a00000,0x0000003e04b00000)]
  0x0000017dce69afd0 JavaThread "Service Thread" daemon [_thread_blocked, id=86844, stack(0x0000003e04b00000,0x0000003e04c00000)]
  0x0000017dceec4340 JavaThread "C2 CompilerThread0" daemon [_thread_blocked, id=81856, stack(0x0000003e04c00000,0x0000003e04d00000)]
  0x0000017dcef323f0 JavaThread "C1 CompilerThread0" daemon [_thread_blocked, id=86468, stack(0x0000003e04d00000,0x0000003e04e00000)]
  0x0000017dcef495a0 JavaThread "Sweeper thread" daemon [_thread_blocked, id=86456, stack(0x0000003e04e00000,0x0000003e04f00000)]
  0x0000017dcf048490 JavaThread "Notification Thread" daemon [_thread_blocked, id=81052, stack(0x0000003e04f00000,0x0000003e05000000)]
  0x0000017dcf055d00 JavaThread "Common-Cleaner" daemon [_thread_blocked, id=83436, stack(0x0000003e05100000,0x0000003e05200000)]
  0x0000017dcf5a9010 JavaThread "Java2D Disposer" daemon [_thread_blocked, id=79884, stack(0x0000003e05200000,0x0000003e05300000)]
  0x0000017dcf5a94e0 JavaThread "AWT-Shutdown" [_thread_blocked, id=86424, stack(0x0000003e05300000,0x0000003e05400000)]
=>0x0000017dcf612020 JavaThread "Thread-0" [_thread_in_native, id=86676, stack(0x0000003e05500000,0x0000003e05600000)]
  0x0000017db2c31df0 JavaThread "DestroyJavaVM" [_thread_blocked, id=86588, stack(0x0000003e04000000,0x0000003e04100000)]
  0x0000017dcfa98a00 JavaThread "AWT-EventQueue-0" [_thread_blocked, id=83672, stack(0x0000003e05800000,0x0000003e05900000)]
  0x0000017dcf60be90 JavaThread "Image Animator 3" daemon [_thread_blocked, id=85000, stack(0x0000003e05b00000,0x0000003e05c00000)]

Other Threads:
  0x0000017dce676360 VMThread "VM Thread" [stack: 0x0000003e04600000,0x0000003e04700000] [id=86892]
  0x0000017dcf048960 WatcherThread [stack: 0x0000003e05000000,0x0000003e05100000] [id=85844]
  0x0000017db2c70890 GCTaskThread "GC Thread#0" [stack: 0x0000003e04100000,0x0000003e04200000] [id=76828]
  0x0000017dcf536f30 GCTaskThread "GC Thread#1" [stack: 0x0000003e05d00000,0x0000003e05e00000] [id=81032]
  0x0000017dcf5378c0 GCTaskThread "GC Thread#2" [stack: 0x0000003e05e00000,0x0000003e05f00000] [id=83260]
  0x0000017dcf534f50 GCTaskThread "GC Thread#3" [stack: 0x0000003e05f00000,0x0000003e06000000] [id=85492]
  0x0000017db2c82150 ConcurrentGCThread "G1 Main Marker" [stack: 0x0000003e04200000,0x0000003e04300000] [id=72444]
  0x0000017db2c84d60 ConcurrentGCThread "G1 Conc#0" [stack: 0x0000003e04300000,0x0000003e04400000] [id=82964]
  0x0000017db2cfcf80 ConcurrentGCThread "G1 Refine#0" [stack: 0x0000003e04400000,0x0000003e04500000] [id=81728]
  0x0000017db2cfdb80 ConcurrentGCThread "G1 Young RemSet Sampling" [stack: 0x0000003e04500000,0x0000003e04600000] [id=81972]

Threads with active compile tasks:

VM state: not at safepoint (normal execution)

VM Mutex/Monitor currently owned by a thread: None

Heap address: 0x0000000080e00000, size: 2034 MB, Compressed Oops mode: 32-bit
CDS disabled.
Compressed class space mapped at: 0x0000000100000000-0x0000000140000000, size: 1073741824
Narrow klass base: 0x0000000000000000, Narrow klass shift: 3, Narrow klass range: 0x140000000

GC Precious Log:
 CPUs: 4 total, 4 available
 Memory: 8135M
 Large Page Support: Disabled
 NUMA Support: Disabled
 Compressed Oops: Enabled (32-bit)
 Heap Region Size: 1M
 Heap Min Capacity: 8M
 Heap Initial Capacity: 128M
 Heap Max Capacity: 2034M
 Pre-touch: Disabled
 Parallel Workers: 4
 Concurrent Workers: 1
 Concurrent Refinement Workers: 4
 Periodic GC: Disabled

Heap:
 garbage-first heap   total 43008K, used 29539K [0x0000000080e00000, 0x0000000100000000)
  region size 1024K, 13 young (13312K), 1 survivors (1024K)
 Metaspace       used 22357K, capacity 22643K, committed 22784K, reserved 1069056K
  class space    used 2222K, capacity 2303K, committed 2304K, reserved 1048576K

Heap Regions: E=young(eden), S=young(survivor), O=old, HS=humongous(starts), HC=humongous(continues), CS=collection set, F=free, OA=open archive, CA=closed archive, TAMS=top-at-mark-start (previous, next)
|   0|0x0000000080e00000, 0x0000000080f00000, 0x0000000080f00000|100%|HS|  |TAMS 0x0000000080f00000, 0x0000000080e00000| Complete 
|   1|0x0000000080f00000, 0x0000000081000000, 0x0000000081000000|100%| O|  |TAMS 0x0000000081000000, 0x0000000080f00000| Untracked 
|   2|0x0000000081000000, 0x0000000081100000, 0x0000000081100000|100%| O|  |TAMS 0x0000000081100000, 0x0000000081000000| Untracked 
|   3|0x0000000081100000, 0x00000000811c9c00, 0x0000000081200000| 78%| O|  |TAMS 0x00000000811c9c00, 0x0000000081100000| Untracked 
|   4|0x0000000081200000, 0x0000000081300000, 0x0000000081300000|100%| O|  |TAMS 0x0000000081300000, 0x0000000081200000| Untracked 
|   5|0x0000000081300000, 0x0000000081300000, 0x0000000081400000|  0%| F|  |TAMS 0x0000000081300000, 0x0000000081300000| Untracked 
|   6|0x0000000081400000, 0x0000000081500000, 0x0000000081500000|100%|HS|  |TAMS 0x0000000081500000, 0x0000000081400000| Complete 
|   7|0x0000000081500000, 0x0000000081600000, 0x0000000081600000|100%|HC|  |TAMS 0x0000000081600000, 0x0000000081500000| Complete 
|   8|0x0000000081600000, 0x0000000081600000, 0x0000000081700000|  0%| F|  |TAMS 0x0000000081600000, 0x0000000081600000| Untracked 
|   9|0x0000000081700000, 0x0000000081700000, 0x0000000081800000|  0%| F|  |TAMS 0x0000000081700000, 0x0000000081700000| Untracked 
|  10|0x0000000081800000, 0x0000000081900000, 0x0000000081900000|100%| O|  |TAMS 0x0000000081900000, 0x0000000081800000| Untracked 
|  11|0x0000000081900000, 0x0000000081991e00, 0x0000000081a00000| 56%| O|  |TAMS 0x0000000081984200, 0x0000000081900000| Untracked 
|  12|0x0000000081a00000, 0x0000000081a00000, 0x0000000081b00000|  0%| F|  |TAMS 0x0000000081a00000, 0x0000000081a00000| Untracked 
|  13|0x0000000081b00000, 0x0000000081b00000, 0x0000000081c00000|  0%| F|  |TAMS 0x0000000081b00000, 0x0000000081b00000| Untracked 
|  14|0x0000000081c00000, 0x0000000081c00000, 0x0000000081d00000|  0%| F|  |TAMS 0x0000000081c00000, 0x0000000081c00000| Untracked 
|  15|0x0000000081d00000, 0x0000000081d7d420, 0x0000000081e00000| 48%| S|CS|TAMS 0x0000000081d00000, 0x0000000081d00000| Complete 
|  16|0x0000000081e00000, 0x0000000081e00000, 0x0000000081f00000|  0%| F|  |TAMS 0x0000000081e00000, 0x0000000081e00000| Untracked 
|  17|0x0000000081f00000, 0x0000000081f00000, 0x0000000082000000|  0%| F|  |TAMS 0x0000000081f00000, 0x0000000081f00000| Untracked 
|  18|0x0000000082000000, 0x0000000082000000, 0x0000000082100000|  0%| F|  |TAMS 0x0000000082000000, 0x0000000082000000| Untracked 
|  19|0x0000000082100000, 0x0000000082100000, 0x0000000082200000|  0%| F|  |TAMS 0x0000000082100000, 0x0000000082100000| Untracked 
|  20|0x0000000082200000, 0x0000000082200000, 0x0000000082300000|  0%| F|  |TAMS 0x0000000082200000, 0x0000000082200000| Untracked 
|  21|0x0000000082300000, 0x0000000082400000, 0x0000000082400000|100%|HS|  |TAMS 0x0000000082300000, 0x0000000082300000| Complete 
|  22|0x0000000082400000, 0x0000000082500000, 0x0000000082500000|100%|HC|  |TAMS 0x0000000082400000, 0x0000000082400000| Complete 
|  23|0x0000000082500000, 0x0000000082600000, 0x0000000082600000|100%|HC|  |TAMS 0x0000000082500000, 0x0000000082500000| Complete 
|  24|0x0000000082600000, 0x0000000082700000, 0x0000000082700000|100%|HC|  |TAMS 0x0000000082600000, 0x0000000082600000| Complete 
|  25|0x0000000082700000, 0x0000000082800000, 0x0000000082800000|100%|HC|  |TAMS 0x0000000082700000, 0x0000000082700000| Complete 
|  26|0x0000000082800000, 0x0000000082900000, 0x0000000082900000|100%|HC|  |TAMS 0x0000000082800000, 0x0000000082800000| Complete 
|  27|0x0000000082900000, 0x0000000082a00000, 0x0000000082a00000|100%|HC|  |TAMS 0x0000000082900000, 0x0000000082900000| Complete 
|  28|0x0000000082a00000, 0x0000000082b00000, 0x0000000082b00000|100%|HC|  |TAMS 0x0000000082a00000, 0x0000000082a00000| Complete 
|  29|0x0000000082b00000, 0x0000000082c00000, 0x0000000082c00000|100%|HC|  |TAMS 0x0000000082b00000, 0x0000000082b00000| Complete 
|  30|0x0000000082c00000, 0x0000000082ca09d0, 0x0000000082d00000| 62%| E|  |TAMS 0x0000000082c00000, 0x0000000082c00000| Complete 
|  31|0x0000000082d00000, 0x0000000082e00000, 0x0000000082e00000|100%| E|CS|TAMS 0x0000000082d00000, 0x0000000082d00000| Complete 
|  32|0x0000000082e00000, 0x0000000082f00000, 0x0000000082f00000|100%| E|CS|TAMS 0x0000000082e00000, 0x0000000082e00000| Complete 
|  33|0x0000000082f00000, 0x0000000083000000, 0x0000000083000000|100%| E|CS|TAMS 0x0000000082f00000, 0x0000000082f00000| Complete 
|  34|0x0000000083000000, 0x0000000083100000, 0x0000000083100000|100%| E|CS|TAMS 0x0000000083000000, 0x0000000083000000| Complete 
|  35|0x0000000083100000, 0x0000000083200000, 0x0000000083200000|100%| E|CS|TAMS 0x0000000083100000, 0x0000000083100000| Complete 
|  36|0x0000000083200000, 0x0000000083300000, 0x0000000083300000|100%| E|CS|TAMS 0x0000000083200000, 0x0000000083200000| Complete 
|  37|0x0000000083300000, 0x0000000083400000, 0x0000000083400000|100%| E|CS|TAMS 0x0000000083300000, 0x0000000083300000| Complete 
|  38|0x0000000083400000, 0x0000000083500000, 0x0000000083500000|100%| E|CS|TAMS 0x0000000083400000, 0x0000000083400000| Complete 
|  39|0x0000000083500000, 0x0000000083600000, 0x0000000083600000|100%| E|CS|TAMS 0x0000000083500000, 0x0000000083500000| Complete 
| 116|0x0000000088200000, 0x0000000088300000, 0x0000000088300000|100%| E|CS|TAMS 0x0000000088200000, 0x0000000088200000| Complete 
| 117|0x0000000088300000, 0x0000000088400000, 0x0000000088400000|100%| E|CS|TAMS 0x0000000088300000, 0x0000000088300000| Complete 

Card table byte_map: [0x0000017dc7870000,0x0000017dc7c70000] _byte_map_base: 0x0000017dc7469000

Marking Bits (Prev, Next): (CMBitMap*) 0x0000017db2c71100, (CMBitMap*) 0x0000017db2c71140
 Prev Bits: [0x0000017dc8070000, 0x0000017dca038000)
 Next Bits: [0x0000017dca040000, 0x0000017dcc008000)

Polling page: 0x0000017db2d10000

Metaspace:

Usage:
  Non-class:     19.86 MB capacity,    19.66 MB ( 99%) used,   177.70 KB ( <1%) free+waste,    26.81 KB ( <1%) overhead. 
      Class:      2.25 MB capacity,     2.17 MB ( 96%) used,    71.69 KB (  3%) free+waste,     9.00 KB ( <1%) overhead. 
       Both:     22.11 MB capacity,    21.83 MB ( 99%) used,   249.38 KB (  1%) free+waste,    35.81 KB ( <1%) overhead. 

Virtual space:
  Non-class space:       20.00 MB reserved,      20.00 MB (100%) committed 
      Class space:        1.00 GB reserved,       2.25 MB ( <1%) committed 
             Both:        1.02 GB reserved,      22.25 MB (  2%) committed 

Chunk freelists:
   Non-Class:  12.00 KB
       Class:  1.00 KB
        Both:  13.00 KB

MaxMetaspaceSize: 17179869184.00 GB
CompressedClassSpaceSize: 1.00 GB

CodeHeap 'non-profiled nmethods': size=120000Kb used=964Kb max_used=964Kb free=119035Kb
 bounds [0x0000017dbf920000, 0x0000017dbfb90000, 0x0000017dc6e50000]
CodeHeap 'profiled nmethods': size=120000Kb used=4089Kb max_used=4089Kb free=115910Kb
 bounds [0x0000017db83f0000, 0x0000017db87f0000, 0x0000017dbf920000]
CodeHeap 'non-nmethods': size=5760Kb used=1318Kb max_used=1355Kb free=4441Kb
 bounds [0x0000017db7e50000, 0x0000017db80c0000, 0x0000017db83f0000]
 total_blobs=2858 nmethods=2242 adapters=529
 compilation: enabled
              stopped_count=0, restarted_count=0
 full_count=0

Compilation events (20 events):
Event: 12.314 Thread 0x0000017dceec4340 2235       4       sun.java2d.pipe.DrawImage::scaleImage (68 bytes)
Event: 12.318 Thread 0x0000017dceec4340 nmethod 2235 0x0000017dbfa0ea90 code [0x0000017dbfa0ec60, 0x0000017dbfa0f130]
Event: 12.330 Thread 0x0000017dceec4340 2236       4       mario.World::getTile (51 bytes)
Event: 12.332 Thread 0x0000017dceec4340 nmethod 2236 0x0000017dbfa0f610 code [0x0000017dbfa0f7a0, 0x0000017dbfa0f958]
Event: 12.430 Thread 0x0000017dcef323f0 2237       3       java.util.Arrays::rangeCheck (74 bytes)
Event: 12.431 Thread 0x0000017dcef323f0 nmethod 2237 0x0000017db87ed610 code [0x0000017db87ed8c0, 0x0000017db87ee2e8]
Event: 12.464 Thread 0x0000017dceec4340 2238       4       mario.Tile::render (17 bytes)
Event: 12.464 Thread 0x0000017dceec4340 nmethod 2238 0x0000017dbfa0fb90 code [0x0000017dbfa0fd20, 0x0000017dbfa0fde8]
Event: 12.697 Thread 0x0000017dcef323f0 2239       1       mario.Handler::getWorld (5 bytes)
Event: 12.697 Thread 0x0000017dcef323f0 nmethod 2239 0x0000017dbfa0ff10 code [0x0000017dbfa100a0, 0x0000017dbfa10158]
Event: 12.697 Thread 0x0000017dcef323f0 2240       1       mario.World::getEntityManager (5 bytes)
Event: 12.697 Thread 0x0000017dcef323f0 nmethod 2240 0x0000017dbfa10210 code [0x0000017dbfa103a0, 0x0000017dbfa10458]
Event: 12.697 Thread 0x0000017dcef323f0 2241       1       mario.EntityManager::getEntities (5 bytes)
Event: 12.697 Thread 0x0000017dcef323f0 nmethod 2241 0x0000017dbfa10510 code [0x0000017dbfa106a0, 0x0000017dbfa10758]
Event: 12.697 Thread 0x0000017dcef323f0 2242       1       mario.Game::getWidth (5 bytes)
Event: 12.697 Thread 0x0000017dcef323f0 nmethod 2242 0x0000017dbfa10810 code [0x0000017dbfa109a0, 0x0000017dbfa10a58]
Event: 12.697 Thread 0x0000017dcef323f0 2243       1       mario.Game::getHeight (5 bytes)
Event: 12.697 Thread 0x0000017dcef323f0 nmethod 2243 0x0000017dbfa10b10 code [0x0000017dbfa10ca0, 0x0000017dbfa10d58]
Event: 12.797 Thread 0x0000017dceec4340 2244       4       java.util.ArrayList::iterator (9 bytes)
Event: 12.798 Thread 0x0000017dceec4340 nmethod 2244 0x0000017dbfa10e10 code [0x0000017dbfa10fa0, 0x0000017dbfa11078]

GC Heap History (20 events):
Event: 8.530 GC heap before
{Heap before GC invocations=24 (full 0):
 garbage-first heap   total 43008K, used 34605K [0x0000000080e00000, 0x0000000100000000)
  region size 1024K, 17 young (17408K), 1 survivors (1024K)
 Metaspace       used 22326K, capacity 22579K, committed 22784K, reserved 1069056K
  class space    used 2216K, capacity 2303K, committed 2304K, reserved 1048576K
}
Event: 8.530 GC heap after
{Heap after GC invocations=25 (full 0):
 garbage-first heap   total 43008K, used 18229K [0x0000000080e00000, 0x0000000100000000)
  region size 1024K, 1 young (1024K), 1 survivors (1024K)
 Metaspace       used 22326K, capacity 22579K, committed 22784K, reserved 1069056K
  class space    used 2216K, capacity 2303K, committed 2304K, reserved 1048576K
}
Event: 9.007 GC heap before
{Heap before GC invocations=25 (full 0):
 garbage-first heap   total 43008K, used 34613K [0x0000000080e00000, 0x0000000100000000)
  region size 1024K, 17 young (17408K), 1 survivors (1024K)
 Metaspace       used 22326K, capacity 22579K, committed 22784K, reserved 1069056K
  class space    used 2216K, capacity 2303K, committed 2304K, reserved 1048576K
}
Event: 9.007 GC heap after
{Heap after GC invocations=26 (full 0):
 garbage-first heap   total 43008K, used 18232K [0x0000000080e00000, 0x0000000100000000)
  region size 1024K, 1 young (1024K), 1 survivors (1024K)
 Metaspace       used 22326K, capacity 22579K, committed 22784K, reserved 1069056K
  class space    used 2216K, capacity 2303K, committed 2304K, reserved 1048576K
}
Event: 9.401 GC heap before
{Heap before GC invocations=26 (full 0):
 garbage-first heap   total 43008K, used 34616K [0x0000000080e00000, 0x0000000100000000)
  region size 1024K, 17 young (17408K), 1 survivors (1024K)
 Metaspace       used 22326K, capacity 22579K, committed 22784K, reserved 1069056K
  class space    used 2216K, capacity 2303K, committed 2304K, reserved 1048576K
}
Event: 9.401 GC heap after
{Heap after GC invocations=27 (full 0):
 garbage-first heap   total 43008K, used 18237K [0x0000000080e00000, 0x0000000100000000)
  region size 1024K, 1 young (1024K), 1 survivors (1024K)
 Metaspace       used 22326K, capacity 22579K, committed 22784K, reserved 1069056K
  class space    used 2216K, capacity 2303K, committed 2304K, reserved 1048576K
}
Event: 9.866 GC heap before
{Heap before GC invocations=27 (full 0):
 garbage-first heap   total 43008K, used 34621K [0x0000000080e00000, 0x0000000100000000)
  region size 1024K, 17 young (17408K), 1 survivors (1024K)
 Metaspace       used 22326K, capacity 22579K, committed 22784K, reserved 1069056K
  class space    used 2216K, capacity 2303K, committed 2304K, reserved 1048576K
}
Event: 9.866 GC heap after
{Heap after GC invocations=28 (full 0):
 garbage-first heap   total 43008K, used 18241K [0x0000000080e00000, 0x0000000100000000)
  region size 1024K, 1 young (1024K), 1 survivors (1024K)
 Metaspace       used 22326K, capacity 22579K, committed 22784K, reserved 1069056K
  class space    used 2216K, capacity 2303K, committed 2304K, reserved 1048576K
}
Event: 10.307 GC heap before
{Heap before GC invocations=28 (full 0):
 garbage-first heap   total 43008K, used 34625K [0x0000000080e00000, 0x0000000100000000)
  region size 1024K, 17 young (17408K), 1 survivors (1024K)
 Metaspace       used 22326K, capacity 22579K, committed 22784K, reserved 1069056K
  class space    used 2216K, capacity 2303K, committed 2304K, reserved 1048576K
}
Event: 10.308 GC heap after
{Heap after GC invocations=29 (full 0):
 garbage-first heap   total 43008K, used 18246K [0x0000000080e00000, 0x0000000100000000)
  region size 1024K, 1 young (1024K), 1 survivors (1024K)
 Metaspace       used 22326K, capacity 22579K, committed 22784K, reserved 1069056K
  class space    used 2216K, capacity 2303K, committed 2304K, reserved 1048576K
}
Event: 10.760 GC heap before
{Heap before GC invocations=29 (full 0):
 garbage-first heap   total 43008K, used 34630K [0x0000000080e00000, 0x0000000100000000)
  region size 1024K, 17 young (17408K), 1 survivors (1024K)
 Metaspace       used 22326K, capacity 22579K, committed 22784K, reserved 1069056K
  class space    used 2216K, capacity 2303K, committed 2304K, reserved 1048576K
}
Event: 10.760 GC heap after
{Heap after GC invocations=30 (full 0):
 garbage-first heap   total 43008K, used 18251K [0x0000000080e00000, 0x0000000100000000)
  region size 1024K, 1 young (1024K), 1 survivors (1024K)
 Metaspace       used 22326K, capacity 22579K, committed 22784K, reserved 1069056K
  class space    used 2216K, capacity 2303K, committed 2304K, reserved 1048576K
}
Event: 11.217 GC heap before
{Heap before GC invocations=30 (full 0):
 garbage-first heap   total 43008K, used 34635K [0x0000000080e00000, 0x0000000100000000)
  region size 1024K, 17 young (17408K), 1 survivors (1024K)
 Metaspace       used 22326K, capacity 22579K, committed 22784K, reserved 1069056K
  class space    used 2216K, capacity 2303K, committed 2304K, reserved 1048576K
}
Event: 11.218 GC heap after
{Heap after GC invocations=31 (full 0):
 garbage-first heap   total 43008K, used 18256K [0x0000000080e00000, 0x0000000100000000)
  region size 1024K, 1 young (1024K), 1 survivors (1024K)
 Metaspace       used 22326K, capacity 22579K, committed 22784K, reserved 1069056K
  class space    used 2216K, capacity 2303K, committed 2304K, reserved 1048576K
}
Event: 11.682 GC heap before
{Heap before GC invocations=31 (full 0):
 garbage-first heap   total 43008K, used 35664K [0x0000000080e00000, 0x0000000100000000)
  region size 1024K, 18 young (18432K), 1 survivors (1024K)
 Metaspace       used 22342K, capacity 22579K, committed 22784K, reserved 1069056K
  class space    used 2220K, capacity 2303K, committed 2304K, reserved 1048576K
}
Event: 11.682 GC heap after
{Heap after GC invocations=32 (full 0):
 garbage-first heap   total 43008K, used 18264K [0x0000000080e00000, 0x0000000100000000)
  region size 1024K, 1 young (1024K), 1 survivors (1024K)
 Metaspace       used 22342K, capacity 22579K, committed 22784K, reserved 1069056K
  class space    used 2220K, capacity 2303K, committed 2304K, reserved 1048576K
}
Event: 12.230 GC heap before
{Heap before GC invocations=32 (full 0):
 garbage-first heap   total 43008K, used 34648K [0x0000000080e00000, 0x0000000100000000)
  region size 1024K, 17 young (17408K), 1 survivors (1024K)
 Metaspace       used 22346K, capacity 22643K, committed 22784K, reserved 1069056K
  class space    used 2220K, capacity 2303K, committed 2304K, reserved 1048576K
}
Event: 12.230 GC heap after
{Heap after GC invocations=33 (full 0):
 garbage-first heap   total 43008K, used 18266K [0x0000000080e00000, 0x0000000100000000)
  region size 1024K, 1 young (1024K), 1 survivors (1024K)
 Metaspace       used 22346K, capacity 22643K, committed 22784K, reserved 1069056K
  class space    used 2220K, capacity 2303K, committed 2304K, reserved 1048576K
}
Event: 12.720 GC heap before
{Heap before GC invocations=33 (full 0):
 garbage-first heap   total 43008K, used 34650K [0x0000000080e00000, 0x0000000100000000)
  region size 1024K, 17 young (17408K), 1 survivors (1024K)
 Metaspace       used 22348K, capacity 22643K, committed 22784K, reserved 1069056K
  class space    used 2220K, capacity 2303K, committed 2304K, reserved 1048576K
}
Event: 12.720 GC heap after
{Heap after GC invocations=34 (full 0):
 garbage-first heap   total 43008K, used 18275K [0x0000000080e00000, 0x0000000100000000)
  region size 1024K, 1 young (1024K), 1 survivors (1024K)
 Metaspace       used 22348K, capacity 22643K, committed 22784K, reserved 1069056K
  class space    used 2220K, capacity 2303K, committed 2304K, reserved 1048576K
}

Deoptimization events (20 events):
Event: 12.984 Thread 0x0000017dcf5abbb0 Uncommon trap: trap_request=0xffffffde fr.pc=0x0000017dbfa049d8 relative=0x0000000000001d18
Event: 12.984 Thread 0x0000017dcf5abbb0 Uncommon trap: reason=class_check action=maybe_recompile pc=0x0000017dbfa049d8 method=sun.awt.SunToolkit.getAppContext(Ljava/lang/Object;)Lsun/awt/AppContext; @ 11 c2
Event: 12.984 Thread 0x0000017dcf5abbb0 DEOPT PACKING pc=0x0000017dbfa049d8 sp=0x0000003e054fbd60
Event: 12.984 Thread 0x0000017dcf5abbb0 DEOPT UNPACKING pc=0x0000017db7e9e42f sp=0x0000003e054fbc88 mode 2
Event: 12.984 Thread 0x0000017dcfa98a00 Uncommon trap: trap_request=0xffffffde fr.pc=0x0000017dbf9e1ad0 relative=0x00000000000043b0
Event: 12.984 Thread 0x0000017dcfa98a00 Uncommon trap: reason=class_check action=maybe_recompile pc=0x0000017dbf9e1ad0 method=java.awt.EventQueue.coalesceEvent(Ljava/awt/AWTEvent;I)Z @ 32 c2
Event: 12.984 Thread 0x0000017dcfa98a00 DEOPT PACKING pc=0x0000017dbf9e1ad0 sp=0x0000003e058ff1e0
Event: 12.984 Thread 0x0000017dcfa98a00 DEOPT UNPACKING pc=0x0000017db7e9e42f sp=0x0000003e058ff028 mode 2
Event: 12.984 Thread 0x0000017dcfa98a00 Uncommon trap: trap_request=0xffffffde fr.pc=0x0000017dbf9f1b30 relative=0x0000000000001f90
Event: 12.984 Thread 0x0000017dcfa98a00 Uncommon trap: reason=class_check action=maybe_recompile pc=0x0000017dbf9f1b30 method=java.awt.EventQueue.getAccessControlContextFrom(Ljava/lang/Object;)Ljava/security/AccessControlContext; @ 8 c2
Event: 12.984 Thread 0x0000017dcfa98a00 DEOPT PACKING pc=0x0000017dbf9f1b30 sp=0x0000003e058ff240
Event: 12.984 Thread 0x0000017dcfa98a00 DEOPT UNPACKING pc=0x0000017db7e9e42f sp=0x0000003e058ff1a8 mode 2
Event: 12.984 Thread 0x0000017dcfa98a00 Uncommon trap: trap_request=0xffffffde fr.pc=0x0000017dbfa0aeec relative=0x0000000000000cec
Event: 12.984 Thread 0x0000017dcfa98a00 Uncommon trap: reason=class_check action=maybe_recompile pc=0x0000017dbfa0aeec method=java.awt.EventQueue.dispatchEventImpl(Ljava/awt/AWTEvent;Ljava/lang/Object;)V @ 30 c2
Event: 12.984 Thread 0x0000017dcfa98a00 DEOPT PACKING pc=0x0000017dbfa0aeec sp=0x0000003e058fef00
Event: 12.984 Thread 0x0000017dcfa98a00 DEOPT UNPACKING pc=0x0000017db7e9e42f sp=0x0000003e058feec8 mode 2
Event: 12.984 Thread 0x0000017dcfa98a00 Uncommon trap: trap_request=0xffffffde fr.pc=0x0000017dbf9ef278 relative=0x0000000000000678
Event: 12.984 Thread 0x0000017dcfa98a00 Uncommon trap: reason=class_check action=maybe_recompile pc=0x0000017dbf9ef278 method=java.awt.EventQueue.setCurrentEventAndMostRecentTimeImpl(Ljava/awt/AWTEvent;)V @ 134 c2
Event: 12.984 Thread 0x0000017dcfa98a00 DEOPT PACKING pc=0x0000017dbf9ef278 sp=0x0000003e058fec70
Event: 12.984 Thread 0x0000017dcfa98a00 DEOPT UNPACKING pc=0x0000017db7e9e42f sp=0x0000003e058fec10 mode 2

Classes unloaded (0 events):
No events

Classes redefined (0 events):
No events

Internal exceptions (20 events):
Event: 0.374 Thread 0x0000017db2c31df0 Exception <a 'java/lang/NoSuchMethodError'{0x0000000088b10e40}: 'java.lang.Object java.lang.invoke.DirectMethodHandle$Holder.invokeStaticInit(java.lang.Object)'> (0x0000000088b10e40) 
thrown [./open/src/hotspot/share/interpreter/linkResolver.cpp, line 782]
Event: 0.410 Thread 0x0000017db2c31df0 Exception <a 'java/lang/NoSuchMethodError'{0x0000000088ba6310}: 'java.lang.Object java.lang.invoke.DirectMethodHandle$Holder.newInvokeSpecial(java.lang.Object, java.lang.Object, java.lang.Object, java.lang.Object, java.lang.Object)'> (0x0000000088ba6310) 
thrown [./open/src/hotspot/share/interpreter/linkResolver.cpp, line 782]
Event: 0.412 Thread 0x0000017db2c31df0 Exception <a 'java/lang/NoSuchMethodError'{0x0000000088bb1da0}: 'java.lang.Object java.lang.invoke.DirectMethodHandle$Holder.invokeStatic(java.lang.Object, int, java.lang.Object, java.lang.Object, java.lang.Object, java.lang.Object)'> (0x0000000088bb1da0) 
thrown [./open/src/hotspot/share/interpreter/linkResolver.cpp, line 782]
Event: 0.415 Thread 0x0000017db2c31df0 Exception <a 'java/lang/NoSuchMethodError'{0x0000000088bd82c8}: 'java.lang.Object java.lang.invoke.DirectMethodHandle$Holder.invokeStatic(java.lang.Object, int, java.lang.Object)'> (0x0000000088bd82c8) 
thrown [./open/src/hotspot/share/interpreter/linkResolver.cpp, line 782]
Event: 0.446 Thread 0x0000017db2c31df0 Exception <a 'java/lang/ClassNotFoundException'{0x0000000088a93b80}: com/sun/swing/internal/plaf/metal/resources/spi/metalProvider> (0x0000000088a93b80) 
thrown [./open/src/hotspot/share/classfile/systemDictionary.cpp, line 295]
Event: 0.447 Thread 0x0000017db2c31df0 Exception <a 'java/lang/ClassNotFoundException'{0x0000000088a97c98}: com/sun/swing/internal/plaf/basic/resources/spi/basicProvider> (0x0000000088a97c98) 
thrown [./open/src/hotspot/share/classfile/systemDictionary.cpp, line 295]
Event: 0.640 Thread 0x0000017dcf612020 Exception <a 'java/lang/NoSuchMethodError'{0x000000008894fbb0}: 'void java.lang.invoke.DirectMethodHandle$Holder.invokeStaticInit(java.lang.Object)'> (0x000000008894fbb0) 
thrown [./open/src/hotspot/share/interpreter/linkResolver.cpp, line 782]
Event: 0.730 Thread 0x0000017dcf612020 Exception <a 'java/lang/NoSuchMethodError'{0x000000008882e8d8}: 'void java.lang.invoke.DirectMethodHandle$Holder.invokeStatic(java.lang.Object, java.lang.Object)'> (0x000000008882e8d8) 
thrown [./open/src/hotspot/share/interpreter/linkResolver.cpp, line 782]
Event: 0.730 Thread 0x0000017dcf612020 Exception <a 'java/lang/NoSuchMethodError'{0x00000000888322e0}: 'void java.lang.invoke.DirectMethodHandle$Holder.invokeStaticInit(java.lang.Object, java.lang.Object)'> (0x00000000888322e0) 
thrown [./open/src/hotspot/share/interpreter/linkResolver.cpp, line 782]
Event: 0.738 Thread 0x0000017dcf612020 Exception <a 'java/lang/NoSuchMethodError'{0x000000008885f678}: 'java.lang.Object java.lang.invoke.DirectMethodHandle$Holder.invokeStaticInit(java.lang.Object, int, int, int, int)'> (0x000000008885f678) 
thrown [./open/src/hotspot/share/interpreter/linkResolver.cpp, line 782]
Event: 0.863 Thread 0x0000017dcf612020 Exception <a 'java/lang/NoSuchMethodError'{0x00000000888b9890}: 'java.lang.Object java.lang.invoke.DirectMethodHandle$Holder.invokeStaticInit(java.lang.Object, java.lang.Object, int, int, int, int)'> (0x00000000888b9890) 
thrown [./open/src/hotspot/share/interpreter/linkResolver.cpp, line 782]
Event: 1.016 Thread 0x0000017dcf60be90 Exception <a 'sun/nio/fs/WindowsException'{0x00000000885f4480}> (0x00000000885f4480) 
thrown [./open/src/hotspot/share/prims/jni.cpp, line 578]
Event: 1.027 Thread 0x0000017dcf60be90 Exception <a 'java/lang/NoSuchMethodError'{0x000000008841f1d0}: 'int java.lang.invoke.DirectMethodHandle$Holder.invokeStaticInit(java.lang.Object, java.lang.Object, java.lang.Object, java.lang.Object)'> (0x000000008841f1d0) 
thrown [./open/src/hotspot/share/interpreter/linkResolver.cpp, line 782]
Event: 1.028 Thread 0x0000017dcf60be90 Exception <a 'java/lang/NoSuchMethodError'{0x00000000884295f0}: 'java.lang.Object java.lang.invoke.DirectMethodHandle$Holder.invokeInterface(java.lang.Object, java.lang.Object)'> (0x00000000884295f0) 
thrown [./open/src/hotspot/share/interpreter/linkResolver.cpp, line 782]
Event: 1.028 Thread 0x0000017dcf60be90 Exception <a 'java/lang/IncompatibleClassChangeError'{0x000000008842cfe8}: Found class java.lang.Object, but interface was expected> (0x000000008842cfe8) 
thrown [./open/src/hotspot/share/interpreter/linkResolver.cpp, line 848]
Event: 1.030 Thread 0x0000017dcf60be90 Exception <a 'java/lang/NoSuchMethodError'{0x00000000884331c8}: 'int java.lang.invoke.DirectMethodHandle$Holder.invokeStaticInit(java.lang.Object, java.lang.Object)'> (0x00000000884331c8) 
thrown [./open/src/hotspot/share/interpreter/linkResolver.cpp, line 782]
Event: 1.102 Thread 0x0000017dcf60be90 Implicit null exception at 0x0000017dbf9682f5 to 0x0000017dbf9688b8
Event: 1.362 Thread 0x0000017dcf60be90 Exception <a 'java/lang/NoSuchMethodError'{0x000000008861b590}: 'void java.lang.invoke.DirectMethodHandle$Holder.invokeStatic(java.lang.Object, java.lang.Object, java.lang.Object)'> (0x000000008861b590) 
thrown [./open/src/hotspot/share/interpreter/linkResolver.cpp, line 782]
Event: 1.538 Thread 0x0000017dcf60be90 Exception <a 'java/lang/NoSuchMethodError'{0x0000000081e88e20}: 'java.lang.Object java.lang.invoke.DirectMethodHandle$Holder.newInvokeSpecial(java.lang.Object, java.lang.Object, java.lang.Object, int, int, int, int, int)'> (0x0000000081e88e20) 
thrown [./open/src/hotspot/share/interpreter/linkResolver.cpp, line 782]
Event: 1.596 Thread 0x0000017dcf60be90 Exception <a 'java/lang/InterruptedException'{0x0000000081b7d480}: sleep interrupted> (0x0000000081b7d480) 
thrown [./open/src/hotspot/share/prims/jvm.cpp, line 3252]

Events (20 events):
Event: 11.682 Executing VM operation: HandshakeAllThreads done
Event: 12.114 loading class java/awt/image/BufferedImageOp
Event: 12.114 loading class java/awt/image/BufferedImageOp done
Event: 12.230 Executing VM operation: G1CollectForAllocation
Event: 12.230 Executing VM operation: G1CollectForAllocation done
Event: 12.230 Executing VM operation: HandshakeAllThreads
Event: 12.230 Executing VM operation: HandshakeAllThreads done
Event: 12.720 Executing VM operation: G1CollectForAllocation
Event: 12.720 Executing VM operation: G1CollectForAllocation done
Event: 12.984 Thread 0x0000017dcf60e9e0 Thread added: 0x0000017dcf60e9e0
Event: 12.984 Thread 0x0000017dcf60b4f0 Thread added: 0x0000017dcf60b4f0
Event: 12.984 Thread 0x0000017dcf60d1d0 Thread added: 0x0000017dcf60d1d0
Event: 12.985 Thread 0x0000017dcf60e9e0 Thread exited: 0x0000017dcf60e9e0
Event: 12.985 Thread 0x0000017dcfafe200 Thread exited: 0x0000017dcfafe200
Event: 12.985 loading class java/util/WeakHashMap$KeyIterator
Event: 12.985 loading class java/util/WeakHashMap$HashIterator
Event: 12.985 loading class java/util/WeakHashMap$HashIterator done
Event: 12.985 loading class java/util/WeakHashMap$KeyIterator done
Event: 12.985 Thread 0x0000017dcf60d1d0 Thread exited: 0x0000017dcf60d1d0
Event: 13.030 Thread 0x0000017dcf5abbb0 Thread exited: 0x0000017dcf5abbb0


Dynamic libraries:
0x00007ff68ead0000 - 0x00007ff68eadd000 	C:\Users\dakota\.p2\pool\plugins\org.eclipse.justj.openjdk.hotspot.jre.full.win32.x86_64_15.0.1.v20201027-0507\jre\bin\javaw.exe
0x00007ffe234d0000 - 0x00007ffe236c6000 	C:\WINDOWS\SYSTEM32\ntdll.dll
0x00007ffe21970000 - 0x00007ffe21a2d000 	C:\WINDOWS\System32\KERNEL32.DLL
0x00007ffe21000000 - 0x00007ffe212c9000 	C:\WINDOWS\System32\KERNELBASE.dll
0x00007ffe20d90000 - 0x00007ffe20e90000 	C:\WINDOWS\System32\ucrtbase.dll
0x00007ffe158a0000 - 0x00007ffe158b8000 	C:\Users\dakota\.p2\pool\plugins\org.eclipse.justj.openjdk.hotspot.jre.full.win32.x86_64_15.0.1.v20201027-0507\jre\bin\jli.dll
0x00007ffe21600000 - 0x00007ffe217a0000 	C:\WINDOWS\System32\USER32.dll
0x00007ffe214d0000 - 0x00007ffe214f2000 	C:\WINDOWS\System32\win32u.dll
0x00007ffe21c80000 - 0x00007ffe21caa000 	C:\WINDOWS\System32\GDI32.dll
0x00007ffe20e90000 - 0x00007ffe20f99000 	C:\WINDOWS\System32\gdi32full.dll
0x00007ffe21430000 - 0x00007ffe214cd000 	C:\WINDOWS\System32\msvcp_win.dll
0x00007ffe11150000 - 0x00007ffe11169000 	C:\Users\dakota\.p2\pool\plugins\org.eclipse.justj.openjdk.hotspot.jre.full.win32.x86_64_15.0.1.v20201027-0507\jre\bin\VCRUNTIME140.dll
0x00007ffe17690000 - 0x00007ffe1792b000 	C:\WINDOWS\WinSxS\amd64_microsoft.windows.common-controls_6595b64144ccf1df_6.0.19041.488_none_ca04af081b815d21\COMCTL32.dll
0x00007ffe22480000 - 0x00007ffe2251e000 	C:\WINDOWS\System32\msvcrt.dll
0x00007ffe22520000 - 0x00007ffe22550000 	C:\WINDOWS\System32\IMM32.DLL
0x00007ffe0d520000 - 0x00007ffe0d52c000 	C:\Users\dakota\.p2\pool\plugins\org.eclipse.justj.openjdk.hotspot.jre.full.win32.x86_64_15.0.1.v20201027-0507\jre\bin\vcruntime140_1.dll
0x00007ffdfb920000 - 0x00007ffdfb9b1000 	C:\Users\dakota\.p2\pool\plugins\org.eclipse.justj.openjdk.hotspot.jre.full.win32.x86_64_15.0.1.v20201027-0507\jre\bin\msvcp140.dll
0x00007ffdc56a0000 - 0x00007ffdc61fe000 	C:\Users\dakota\.p2\pool\plugins\org.eclipse.justj.openjdk.hotspot.jre.full.win32.x86_64_15.0.1.v20201027-0507\jre\bin\server\jvm.dll
0x00007ffe233e0000 - 0x00007ffe2348c000 	C:\WINDOWS\System32\ADVAPI32.dll
0x00007ffe218d0000 - 0x00007ffe2196c000 	C:\WINDOWS\System32\sechost.dll
0x00007ffe22740000 - 0x00007ffe2286b000 	C:\WINDOWS\System32\RPCRT4.dll
0x00007ffe23010000 - 0x00007ffe23018000 	C:\WINDOWS\System32\PSAPI.DLL
0x00007ffe10300000 - 0x00007ffe10309000 	C:\WINDOWS\SYSTEM32\WSOCK32.dll
0x00007ffe22410000 - 0x00007ffe2247b000 	C:\WINDOWS\System32\WS2_32.dll
0x00007ffe17930000 - 0x00007ffe17957000 	C:\WINDOWS\SYSTEM32\WINMM.dll
0x00007ffe1bbf0000 - 0x00007ffe1bbfa000 	C:\WINDOWS\SYSTEM32\VERSION.dll
0x00007ffe1f540000 - 0x00007ffe1f552000 	C:\WINDOWS\SYSTEM32\kernel.appcore.dll
0x00007ffe0d510000 - 0x00007ffe0d51a000 	C:\Users\dakota\.p2\pool\plugins\org.eclipse.justj.openjdk.hotspot.jre.full.win32.x86_64_15.0.1.v20201027-0507\jre\bin\jimage.dll
0x00007ffe07e70000 - 0x00007ffe08054000 	C:\WINDOWS\SYSTEM32\DBGHELP.DLL
0x00007ffe02920000 - 0x00007ffe0294c000 	C:\WINDOWS\SYSTEM32\dbgcore.DLL
0x00007ffe20c10000 - 0x00007ffe20c90000 	C:\WINDOWS\System32\bcryptPrimitives.dll
0x00007ffdfb810000 - 0x00007ffdfb835000 	C:\Users\dakota\.p2\pool\plugins\org.eclipse.justj.openjdk.hotspot.jre.full.win32.x86_64_15.0.1.v20201027-0507\jre\bin\java.dll
0x00007ffdfb780000 - 0x00007ffdfb798000 	C:\Users\dakota\.p2\pool\plugins\org.eclipse.justj.openjdk.hotspot.jre.full.win32.x86_64_15.0.1.v20201027-0507\jre\bin\zip.dll
0x00007ffe21cb0000 - 0x00007ffe223f2000 	C:\WINDOWS\System32\SHELL32.dll
0x00007ffe1ed00000 - 0x00007ffe1f495000 	C:\WINDOWS\SYSTEM32\windows.storage.dll
0x00007ffe23080000 - 0x00007ffe233d6000 	C:\WINDOWS\System32\combase.dll
0x00007ffe205b0000 - 0x00007ffe205dc000 	C:\WINDOWS\SYSTEM32\Wldp.dll
0x00007ffe21530000 - 0x00007ffe215de000 	C:\WINDOWS\System32\SHCORE.dll
0x00007ffe22660000 - 0x00007ffe226b5000 	C:\WINDOWS\System32\shlwapi.dll
0x00007ffe20b40000 - 0x00007ffe20b66000 	C:\WINDOWS\SYSTEM32\profapi.dll
0x00007ffdec940000 - 0x00007ffdecabf000 	C:\Users\dakota\.p2\pool\plugins\org.eclipse.justj.openjdk.hotspot.jre.full.win32.x86_64_15.0.1.v20201027-0507\jre\bin\awt.dll
0x00007ffe22870000 - 0x00007ffe2293d000 	C:\WINDOWS\System32\OLEAUT32.dll
0x00007ffe1e160000 - 0x00007ffe1e1f0000 	C:\WINDOWS\SYSTEM32\apphelp.dll
0x00007ffe1e370000 - 0x00007ffe1e40e000 	C:\WINDOWS\system32\uxtheme.dll
0x00007ffe22ef0000 - 0x00007ffe23006000 	C:\WINDOWS\System32\MSCTF.dll
0x00007ffe217a0000 - 0x00007ffe218ca000 	C:\WINDOWS\System32\ole32.dll
0x00007ffe1e720000 - 0x00007ffe1e74f000 	C:\WINDOWS\system32\DWMAPI.DLL
0x00007ffdf2050000 - 0x00007ffdf2175000 	C:\WINDOWS\system32\opengl32.dll
0x00007ffe0a110000 - 0x00007ffe0a13c000 	C:\WINDOWS\SYSTEM32\GLU32.dll
0x00007ffe212d0000 - 0x00007ffe2142d000 	C:\WINDOWS\System32\crypt32.dll
0x00007ffe20fa0000 - 0x00007ffe21000000 	C:\WINDOWS\System32\WINTRUST.DLL
0x00007ffe20730000 - 0x00007ffe20742000 	C:\WINDOWS\SYSTEM32\MSASN1.dll
0x00007ffe215e0000 - 0x00007ffe215fd000 	C:\WINDOWS\System32\imagehlp.dll
0x00007ffe20500000 - 0x00007ffe20518000 	C:\WINDOWS\SYSTEM32\CRYPTSP.dll
0x00007ffe1fcc0000 - 0x00007ffe1fcf4000 	C:\WINDOWS\system32\rsaenh.dll
0x00007ffe21500000 - 0x00007ffe21527000 	C:\WINDOWS\System32\bcrypt.dll
0x00007ffe20520000 - 0x00007ffe2052c000 	C:\WINDOWS\SYSTEM32\CRYPTBASE.dll
0x00007ffe1f510000 - 0x00007ffe1f533000 	C:\WINDOWS\SYSTEM32\gpapi.dll
0x00007ffe16580000 - 0x00007ffe165b1000 	C:\WINDOWS\SYSTEM32\cryptnet.dll
0x00007ffe19500000 - 0x00007ffe1953b000 	C:\WINDOWS\SYSTEM32\dxcore.dll
0x00007ffe20c90000 - 0x00007ffe20cde000 	C:\WINDOWS\System32\cfgmgr32.dll
0x00007ffdfb840000 - 0x00007ffdfb8c5000 	C:\Users\dakota\.p2\pool\plugins\org.eclipse.justj.openjdk.hotspot.jre.full.win32.x86_64_15.0.1.v20201027-0507\jre\bin\freetype.dll
0x00007ffdecc30000 - 0x00007ffdeccd9000 	C:\Users\dakota\.p2\pool\plugins\org.eclipse.justj.openjdk.hotspot.jre.full.win32.x86_64_15.0.1.v20201027-0507\jre\bin\fontmanager.dll
0x00007ffe182c0000 - 0x00007ffe183bd000 	C:\WINDOWS\SYSTEM32\textinputframework.dll
0x00007ffe1dfd0000 - 0x00007ffe1e0c2000 	C:\WINDOWS\System32\CoreMessaging.dll
0x00007ffe1db70000 - 0x00007ffe1dece000 	C:\WINDOWS\System32\CoreUIComponents.dll
0x00007ffe1f950000 - 0x00007ffe1f983000 	C:\WINDOWS\SYSTEM32\ntmarta.dll
0x00007ffe1d320000 - 0x00007ffe1d476000 	C:\WINDOWS\SYSTEM32\wintypes.dll
0x00007ffe20b00000 - 0x00007ffe20b2e000 	C:\WINDOWS\SYSTEM32\USERENV.dll
0x00007ffdf9190000 - 0x00007ffdf91a9000 	C:\Users\dakota\.p2\pool\plugins\org.eclipse.justj.openjdk.hotspot.jre.full.win32.x86_64_15.0.1.v20201027-0507\jre\bin\net.dll
0x00007ffe18fd0000 - 0x00007ffe190d0000 	C:\WINDOWS\SYSTEM32\WINHTTP.dll
0x00007ffe20330000 - 0x00007ffe2039a000 	C:\WINDOWS\system32\mswsock.dll
0x00007ffe20020000 - 0x00007ffe2005b000 	C:\WINDOWS\SYSTEM32\IPHLPAPI.DLL
0x00007ffe21c70000 - 0x00007ffe21c78000 	C:\WINDOWS\System32\NSI.dll
0x00007ffe19f40000 - 0x00007ffe19f57000 	C:\WINDOWS\SYSTEM32\dhcpcsvc6.DLL
0x00007ffe19f20000 - 0x00007ffe19f3d000 	C:\WINDOWS\SYSTEM32\dhcpcsvc.DLL
0x00007ffe20060000 - 0x00007ffe2012b000 	C:\WINDOWS\SYSTEM32\DNSAPI.dll
0x00007ffdf69f0000 - 0x00007ffdf6a02000 	C:\Users\dakota\.p2\pool\plugins\org.eclipse.justj.openjdk.hotspot.jre.full.win32.x86_64_15.0.1.v20201027-0507\jre\bin\nio.dll
0x00007ffe1e260000 - 0x00007ffe1e26d000 	C:\Users\dakota\.p2\pool\plugins\org.eclipse.justj.openjdk.hotspot.jre.full.win32.x86_64_15.0.1.v20201027-0507\jre\bin\sunmscapi.dll
0x00007ffe20620000 - 0x00007ffe20647000 	C:\WINDOWS\SYSTEM32\ncrypt.dll
0x00007ffe205e0000 - 0x00007ffe2061b000 	C:\WINDOWS\SYSTEM32\NTASN1.dll
0x00007ffe17240000 - 0x00007ffe1724a000 	C:\Windows\System32\rasadhlp.dll
0x00007ffe18f50000 - 0x00007ffe18fcf000 	C:\WINDOWS\System32\fwpuclnt.dll
0x00007ffdccc70000 - 0x00007ffdcccf9000 	C:\Program Files (x86)\Overwolf\0.159.0.31\OWExplorer.dll

dbghelp: loaded successfully - version: 4.0.5 - missing functions: none
symbol engine: initialized successfully - sym options: 0x614 - pdb path: .;C:\Users\dakota\.p2\pool\plugins\org.eclipse.justj.openjdk.hotspot.jre.full.win32.x86_64_15.0.1.v20201027-0507\jre\bin;C:\WINDOWS\SYSTEM32;C:\WINDOWS\WinSxS\amd64_microsoft.windows.common-controls_6595b64144ccf1df_6.0.19041.488_none_ca04af081b815d21;C:\Users\dakota\.p2\pool\plugins\org.eclipse.justj.openjdk.hotspot.jre.full.win32.x86_64_15.0.1.v20201027-0507\jre\bin\server;C:\WINDOWS\System32\DriverStore\FileRepository\nv_dispi.inf_amd64_db678424d2641c3d;C:\Program Files (x86)\Overwolf\0.159.0.31

VM Arguments:
jvm_args: -Dfile.encoding=Cp1252 -XX:+ShowCodeDetailsInExceptionMessages 
java_command: mario.Launcher
java_class_path (initial): C:\Users\dakota\eclipse-workspace\Mario\bin;C:\Users\dakota\eclipse-workspace\Mario\Res
Launcher Type: SUN_STANDARD

[Global flags]
     intx CICompilerCount                          = 3                                         {product} {ergonomic}
     uint ConcGCThreads                            = 1                                         {product} {ergonomic}
     uint G1ConcRefinementThreads                  = 4                                         {product} {ergonomic}
   size_t G1HeapRegionSize                         = 1048576                                   {product} {ergonomic}
    uintx GCDrainStackTargetSize                   = 64                                        {product} {ergonomic}
   size_t InitialHeapSize                          = 134217728                                 {product} {ergonomic}
   size_t MarkStackSize                            = 4194304                                   {product} {ergonomic}
   size_t MaxHeapSize                              = 2132803584                                {product} {ergonomic}
   size_t MaxNewSize                               = 1279262720                                {product} {ergonomic}
   size_t MinHeapDeltaBytes                        = 1048576                                   {product} {ergonomic}
   size_t MinHeapSize                              = 8388608                                   {product} {ergonomic}
    uintx NonNMethodCodeHeapSize                   = 5832780                                {pd product} {ergonomic}
    uintx NonProfiledCodeHeapSize                  = 122912730                              {pd product} {ergonomic}
    uintx ProfiledCodeHeapSize                     = 122912730                              {pd product} {ergonomic}
    uintx ReservedCodeCacheSize                    = 251658240                              {pd product} {ergonomic}
     bool SegmentedCodeCache                       = true                                      {product} {ergonomic}
     bool ShowCodeDetailsInExceptionMessages       = true                                   {manageable} {command line}
   size_t SoftMaxHeapSize                          = 2132803584                             {manageable} {ergonomic}
     bool UseCompressedClassPointers               = true                                 {lp64_product} {ergonomic}
     bool UseCompressedOops                        = true                                 {lp64_product} {ergonomic}
     bool UseG1GC                                  = true                                      {product} {ergonomic}
     bool UseLargePagesIndividualAllocation        = false                                  {pd product} {ergonomic}

Logging:
Log output configuration:
 #0: stdout all=warning uptime,level,tags
 #1: stderr all=off uptime,level,tags

Environment Variables:
PATH=C:/Users/dakota/.p2/pool/plugins/org.eclipse.justj.openjdk.hotspot.jre.full.win32.x86_64_15.0.1.v20201027-0507/jre/bin/server;C:/Users/dakota/.p2/pool/plugins/org.eclipse.justj.openjdk.hotspot.jre.full.win32.x86_64_15.0.1.v20201027-0507/jre/bin;C:\Program Files\Common Files\Oracle\Java\javapath;C:\app\dakota\virtual\product\12.2.0\dbhome_2\bin;C:\app\dakota\virtual\product\12.2.0\dbhome_1\bin;C:\app\dakota\product\12.1.0\dbhome_1\bin;C:\app\dakota\product\11.2.0\dbhome_2\bin;C:\app\dakota\product\18.0.0\dbhomeXE\bin;C:\Program Files (x86)\Common Files\Oracle\Java\javapath;C:\ProgramData\Oracle\Java\javapath;C:\Program Files (x86)\AMD APP\bin\x86_64;C:\Program Files (x86)\AMD APP\bin\x86;C:\Program Files (x86)\Intel\iCLS Client\;C:\Program Files\Intel\iCLS Client\;C:\WINDOWS\system32;C:\WINDOWS;C:\WINDOWS\System32\Wbem;C:\WINDOWS\System32\WindowsPowerShell\v1.0\;C:\Program Files\Intel\Intel(R) Management Engine Components\DAL;C:\Program Files\Intel\Intel(R) Management Engine Components\IPT;C:\Program Files (x86)\Intel\Intel(R) Management Engine Components\DAL;C:\Program Files (x86)\Intel\Intel(R) Management Engine Components\IPT;C:\Program Files (x86)\ATI Technologies\ATI.ACE\Core-Static;C:\Program Files (x86)\QuickTime\QTSystem\;C:\Program Files (x86)\Skype\Phone\;C:\Program Files\Microsoft SQL Server\110\Tools\Binn\;C:\Program Files (x86)\Microsoft SDKs\TypeScript\1.0\;C:\Program Files\Microsoft SQL Server\120\Tools\Binn\;C:\Program Files\dotnet\;C:\Program Files (x86)\GtkSharp\2.12\bin;C:\WINDOWS\System32\OpenSSH\;C:\Program Files\PuTTY\;C:\Strawberry\c\bin;C:\Strawberry\perl\site\bin;C:\Strawberry\perl\bin;C:\Program Files (x86)\NVIDIA Corporation\PhysX\Common;C:\Program Files\Git\cmd;C:\WINDOWS\system32;C:\WINDOWS;C:\WINDOWS\System32\Wbem;C:\WINDOWS\System32\WindowsPowerShell\v1.0\;C:\WINDOWS\System32\OpenSSH\;C:\TDM-GCC-64\bin;C:\Users\dakota\AppData\Local\Microsoft\WindowsApps;C:\Users\dakota\AppData\Local\GitHubDesktop\bin;C:\Users\dakota\Desktop;
USERNAME=dakota
OS=Windows_NT
PROCESSOR_IDENTIFIER=Intel64 Family 6 Model 58 Stepping 9, GenuineIntel



---------------  S Y S T E M  ---------------

OS:
 Windows 10 , 64 bit Build 19041 (10.0.19041.662)
OS uptime: 3 days 12:05 hours

CPU: total 4 (initial active 4) (4 cores per cpu, 1 threads per core) family 6 model 58 stepping 9 microcode 0x21, cmov, cx8, fxsr, mmx, sse, sse2, sse3, ssse3, sse4.1, sse4.2, popcnt, vzeroupper, avx, aes, clmul, erms, tsc, tscinvbit, tscinv, clflush

Memory: 4k page, system-wide physical 8135M (1378M free)
TotalPageFile size 19887M (AvailPageFile size 4823M)
current process WorkingSet (physical memory assigned to process): 130M, peak: 144M
current process commit charge ("private bytes"): 172M, peak: 255M

vm_info: OpenJDK 64-Bit Server VM (15.0.1+9-18) for windows-amd64 JRE (15.0.1+9-18), built on Sep 15 2020 14:39:31 by "mach5one" with unknown MS VC++:1925

END.
