#
# A fatal error has been detected by the Java Runtime Environment:
#
#  EXCEPTION_ACCESS_VIOLATION (0xc0000005) at pc=0x00007ffe234f4042, pid=46336, tid=15800
#
# JRE version: OpenJDK Runtime Environment (15.0.1+9) (build 15.0.1+9-18)
# Java VM: OpenJDK 64-Bit Server VM (15.0.1+9-18, mixed mode, tiered, compressed oops, g1 gc, windows-amd64)
# Problematic frame:
# C  [ntdll.dll+0x24042]
#
# No core dump will be written. Minidumps are not enabled by default on client versions of Windows
#
# If you would like to submit a bug report, please visit:
#   https://bugreport.java.com/bugreport/crash.jsp
# The crash happened outside the Java Virtual Machine in native code.
# See problematic frame for where to report the bug.
#

---------------  S U M M A R Y ------------

Command Line: -Dfile.encoding=Cp1252 -XX:+ShowCodeDetailsInExceptionMessages mario.Launcher

Host: Intel(R) Core(TM) i5-3570K CPU @ 3.40GHz, 4 cores, 7G,  Windows 10 , 64 bit Build 19041 (10.0.19041.662)
Time: Tue Dec 29 15:03:28 2020 Central Standard Time elapsed time: 7.427280 seconds (0d 0h 0m 7s)

---------------  T H R E A D  ---------------

Current thread (0x000001c1202a5440):  JavaThread "Thread-0" [_thread_in_native, id=15800, stack(0x00000015a1e00000,0x00000015a1f00000)]

Stack: [0x00000015a1e00000,0x00000015a1f00000],  sp=0x00000015a1efdb60,  free space=1014k
Native frames: (J=compiled Java code, j=interpreted, Vv=VM code, C=native code)
C  [ntdll.dll+0x24042]
C  [ntdll.dll+0x4b4fc]
C  [ntdll.dll+0x9fe3e]
C  [ntdll.dll+0x45f86]
C  [ntdll.dll+0x215b4]
C  [ntdll.dll+0x213e2]
C  0x00007ffe1a14e45c

Java frames: (J=compiled Java code, j=interpreted, Vv=VM code)
j  sun.java2d.d3d.D3DSurfaceData.initOps(III)V+0 java.desktop@15.0.1
j  sun.java2d.d3d.D3DSurfaceData.<init>(Lsun/awt/windows/WComponentPeer;Lsun/java2d/d3d/D3DGraphicsConfig;IILjava/awt/Image;Ljava/awt/image/ColorModel;IILsun/java2d/pipe/hw/ExtendedBufferCapabilities$VSyncType;I)V+212 java.desktop@15.0.1
j  sun.java2d.d3d.D3DSurfaceData.createData(Lsun/awt/windows/WComponentPeer;Ljava/awt/Image;)Lsun/java2d/d3d/D3DSurfaceData;+117 java.desktop@15.0.1
j  sun.java2d.d3d.D3DVolatileSurfaceManager.initAcceleratedSurface()Lsun/java2d/SurfaceData;+68 java.desktop@15.0.1
j  sun.java2d.d3d.D3DVolatileSurfaceManager.restoreAcceleratedSurface()V+49 java.desktop@15.0.1
J 1110 c1 sun.awt.image.VolatileSurfaceManager.validate(Ljava/awt/GraphicsConfiguration;)I java.desktop@15.0.1 (213 bytes) @ 0x000001c1099f3a5c [0x000001c1099f3400+0x000000000000065c]
J 1109 c1 sun.awt.image.SunVolatileImage.validate(Ljava/awt/GraphicsConfiguration;)I java.desktop@15.0.1 (9 bytes) @ 0x000001c1099f3034 [0x000001c1099f2f40+0x00000000000000f4]
J 1117 c1 java.awt.Component$FlipBufferStrategy.revalidate()V java.desktop@15.0.1 (145 bytes) @ 0x000001c1099f6234 [0x000001c1099f5da0+0x0000000000000494]
J 1116 c1 java.awt.Component$FlipBufferStrategy.getDrawGraphics()Ljava/awt/Graphics; java.desktop@15.0.1 (12 bytes) @ 0x000001c1099f5934 [0x000001c1099f5840+0x00000000000000f4]
J 1188 c1 mario.Game.render()V (85 bytes) @ 0x000001c109a264a4 [0x000001c109a26240+0x0000000000000264]
J 952% c2 mario.Game.run()V (136 bytes) @ 0x000001c110db0fb8 [0x000001c110db0e20+0x0000000000000198]
j  java.lang.Thread.run()V+11 java.base@15.0.1
v  ~StubRoutines::call_stub

siginfo: EXCEPTION_ACCESS_VIOLATION (0xc0000005), reading address 0x00007ffe1a309198


Register to memory mapping:

RIP=0x00007ffe234f4042 ntdll.dll
RAX=0x0000000000003066 is an unknown value
RBX=0x000000000000e45c is an unknown value
RCX=0x000000000000c1a4 is an unknown value
RDX=0x0000000000001023 is an unknown value
RSP=0x00000015a1efdb60 is pointing into the stack for thread: 0x000001c1202a5440
RBP=0x00000015a1efe0f0 is pointing into the stack for thread: 0x000001c1202a5440
RSI=0x0 is NULL
RDI=0x00007ffe1a2fd000 is an unknown value
R8 =0x00007ffe1a140000 is an unknown value
R9 =0x000000000000001a is an unknown value
R10=0x00007ffe236504f0 ntdll.dll
R11=0x0000000000000011 is an unknown value
R12=0x0 is NULL
R13=0x00007ffe2364202c ntdll.dll
R14=0x00000015a1efe190 is pointing into the stack for thread: 0x000001c1202a5440
R15=0x00000015a1efe108 is pointing into the stack for thread: 0x000001c1202a5440


Registers:
RAX=0x0000000000003066, RBX=0x000000000000e45c, RCX=0x000000000000c1a4, RDX=0x0000000000001023
RSP=0x00000015a1efdb60, RBP=0x00000015a1efe0f0, RSI=0x0000000000000000, RDI=0x00007ffe1a2fd000
R8 =0x00007ffe1a140000, R9 =0x000000000000001a, R10=0x00007ffe236504f0, R11=0x0000000000000011
R12=0x0000000000000000, R13=0x00007ffe2364202c, R14=0x00000015a1efe190, R15=0x00000015a1efe108
RIP=0x00007ffe234f4042, EFLAGS=0x0000000000010206

Top of Stack: (sp=0x00000015a1efdb60)
0x00000015a1efdb60:   0000000000000000 0000001500000000
0x00000015a1efdb70:   00000015a1efdb80 00000015a1efdb88
0x00000015a1efdb80:   00007ffe1a2fd000 00007ffe1a140000
0x00000015a1efdb90:   0000c1a4001cf000 0000000000000000
0x00000015a1efdba0:   00007ffe1a14e45c 00007ffe2351b4fc
0x00000015a1efdbb0:   00000015a1efe7b0 0000000000000000
0x00000015a1efdbc0:   0000000000000000 00000015a1efdbf0
0x00000015a1efdbd0:   00000015a1efdbf0 00000015a1efe110
0x00000015a1efdbe0:   00000015a1efe100 0000000000000000
0x00000015a1efdbf0:   000001c1202a5440 0000000028584d90
0x00000015a1efdc00:   0000000f00000001 0000000000000000
0x00000015a1efdc10:   000001c11fa7dcd0 00007f0100000006
0x00000015a1efdc20:   00001fa00010000f 00007ffd213c0033
0x00000015a1efdc30:   00010213002bdca0 00007ffd28586a20
0x00000015a1efdc40:   00000015a1efdd10 000001c1214f1948
0x00000015a1efdc50:   0000000000000000 0000000028586a20 

Instructions: (pc=0x00007ffe234f4042)
0x00007ffe234f3f42:   41 83 f8 e7 73 09 48 83 c1 18 48 3b cb 72 c3 b8
0x00007ffe234f3f52:   7b 00 00 c0 89 44 24 20 4c 8b 54 24 28 eb 15 b8
0x00007ffe234f3f62:   7b 00 00 c0 eb cc b8 7b 00 00 c0 89 44 24 20 4c
0x00007ffe234f3f72:   8b 54 24 28 eb 13 b8 7b 00 00 c0 89 44 24 20 4c
0x00007ffe234f3f82:   8b 4c 24 68 4c 8b 54 24 28 85 c0 78 03 4d 89 11
0x00007ffe234f3f92:   48 83 c4 40 5b c3 cc b1 01 48 83 fb 40 0f 83 5b
0x00007ffe234f3fa2:   ff ff ff b8 7b 00 00 c0 eb e6 cc cc cc cc cc cc
0x00007ffe234f3fb2:   cc cc cc cc cc cc cc cc cc cc cc cc cc cc 48 89
0x00007ffe234f3fc2:   5c 24 18 4c 89 74 24 20 41 57 48 83 ec 40 4d 8b
0x00007ffe234f3fd2:   f0 4c 8b fa 48 8b d9 4d 85 c0 0f 85 3c 01 00 00
0x00007ffe234f3fe2:   48 8b 0d 0f c5 15 00 48 89 74 24 50 48 89 7c 24
0x00007ffe234f3ff2:   58 48 3b d9 0f 83 ec 00 00 00 48 8d 54 24 20 48
0x00007ffe234f4002:   8b cb e8 17 03 00 00 48 8b f8 48 85 ff 0f 84 da
0x00007ffe234f4012:   02 00 00 8b 4c 24 34 48 b8 ab aa aa aa aa aa aa
0x00007ffe234f4022:   aa 4c 8b 44 24 28 33 f6 48 f7 e1 4d 89 07 48 c1
0x00007ffe234f4032:   ea 03 85 d2 74 73 8d 42 ff 49 2b d8 48 8d 04 40
0x00007ffe234f4042:   44 8b 1c 87 4c 8d 14 87 49 3b db 73 48 44 8d 42
0x00007ffe234f4052:   fe 44 8b ce 45 85 c0 78 3c 0f 1f 44 00 00 43 8d
0x00007ffe234f4062:   04 08 d1 f8 48 63 c8 48 8d 14 49 4c 8d 14 97 8b
0x00007ffe234f4072:   14 97 48 3b da 72 12 41 8b 4a 0c 44 8b da 48 3b
0x00007ffe234f4082:   d9 72 12 44 8d 48 01 eb 04 44 8d 40 ff 44 8b da
0x00007ffe234f4092:   45 3b c1 7d c9 41 8b c3 48 3b d8 72 0c 41 8b 42
0x00007ffe234f40a2:   04 48 3b d8 73 03 49 8b f2 48 8b 7c 24 58 48 85
0x00007ffe234f40b2:   f6 74 19 4d 85 f6 0f 85 ea 00 00 00 48 85 f6 74
0x00007ffe234f40c2:   0b 8b 46 08 a8 01 0f 85 34 02 00 00 48 8b c6 48
0x00007ffe234f40d2:   8b 74 24 50 48 8b 5c 24 60 4c 8b 74 24 68 48 83
0x00007ffe234f40e2:   c4 40 41 5f c3 cc 8b 05 12 c4 15 00 48 03 c1 48
0x00007ffe234f40f2:   3b d8 0f 83 02 ff ff ff 0f 28 0d ef c3 15 00 f2
0x00007ffe234f4102:   0f 10 05 f7 c3 15 00 66 48 0f 7e cf 0f 11 4c 24
0x00007ffe234f4112:   20 f2 0f 11 44 24 30 e9 ee fe ff ff 41 80 78 07
0x00007ffe234f4122:   00 4c 8d 1d d6 c2 15 00 0f 85 6b 01 00 00 41 80
0x00007ffe234f4132:   78 06 00 0f 84 a7 fe ff ff 48 3b 1d c6 c2 15 00 


Stack slot to memory mapping:
stack at sp + 0 slots: 0x0 is NULL
stack at sp + 1 slots: 0x0000001500000000 is an unknown value
stack at sp + 2 slots: 0x00000015a1efdb80 is pointing into the stack for thread: 0x000001c1202a5440
stack at sp + 3 slots: 0x00000015a1efdb88 is pointing into the stack for thread: 0x000001c1202a5440
stack at sp + 4 slots: 0x00007ffe1a2fd000 is an unknown value
stack at sp + 5 slots: 0x00007ffe1a140000 is an unknown value
stack at sp + 6 slots: 0x0000c1a4001cf000 is an unknown value
stack at sp + 7 slots: 0x0 is NULL


---------------  P R O C E S S  ---------------

Threads class SMR info:
_java_thread_list=0x000001c1204c9380, length=15, elements={
0x000001c11f363020, 0x000001c11f365ae0, 0x000001c11f367fc0, 0x000001c11f36ca90,
0x000001c11f36d540, 0x000001c11f36e620, 0x000001c11fc12300, 0x000001c11fc248f0,
0x000001c11fd19480, 0x000001c11fd35900, 0x000001c12023a9a0, 0x000001c12023d040,
0x000001c1202a5440, 0x000001c105882a70, 0x000001c12064a990
}

Java Threads: ( => current thread )
  0x000001c11f363020 JavaThread "Reference Handler" daemon [_thread_blocked, id=56936, stack(0x00000015a1000000,0x00000015a1100000)]
  0x000001c11f365ae0 JavaThread "Finalizer" daemon [_thread_blocked, id=8604, stack(0x00000015a1100000,0x00000015a1200000)]
  0x000001c11f367fc0 JavaThread "Signal Dispatcher" daemon [_thread_blocked, id=8696, stack(0x00000015a1200000,0x00000015a1300000)]
  0x000001c11f36ca90 JavaThread "Attach Listener" daemon [_thread_blocked, id=23640, stack(0x00000015a1300000,0x00000015a1400000)]
  0x000001c11f36d540 JavaThread "Service Thread" daemon [_thread_blocked, id=56964, stack(0x00000015a1400000,0x00000015a1500000)]
  0x000001c11f36e620 JavaThread "C2 CompilerThread0" daemon [_thread_blocked, id=8940, stack(0x00000015a1500000,0x00000015a1600000)]
  0x000001c11fc12300 JavaThread "C1 CompilerThread0" daemon [_thread_blocked, id=6528, stack(0x00000015a1600000,0x00000015a1700000)]
  0x000001c11fc248f0 JavaThread "Sweeper thread" daemon [_thread_blocked, id=56776, stack(0x00000015a1700000,0x00000015a1800000)]
  0x000001c11fd19480 JavaThread "Notification Thread" daemon [_thread_blocked, id=10628, stack(0x00000015a1800000,0x00000015a1900000)]
  0x000001c11fd35900 JavaThread "Common-Cleaner" daemon [_thread_blocked, id=10308, stack(0x00000015a1a00000,0x00000015a1b00000)]
  0x000001c12023a9a0 JavaThread "Java2D Disposer" daemon [_thread_blocked, id=53928, stack(0x00000015a1b00000,0x00000015a1c00000)]
  0x000001c12023d040 JavaThread "AWT-Shutdown" [_thread_blocked, id=48404, stack(0x00000015a1c00000,0x00000015a1d00000)]
=>0x000001c1202a5440 JavaThread "Thread-0" [_thread_in_native, id=15800, stack(0x00000015a1e00000,0x00000015a1f00000)]
  0x000001c105882a70 JavaThread "DestroyJavaVM" [_thread_blocked, id=50880, stack(0x00000015a0900000,0x00000015a0a00000)]
  0x000001c12064a990 JavaThread "AWT-EventQueue-0" [_thread_blocked, id=49320, stack(0x00000015a2100000,0x00000015a2200000)]

Other Threads:
  0x000001c11f34b030 VMThread "VM Thread" [stack: 0x00000015a0f00000,0x00000015a1000000] [id=11688]
  0x000001c11fd19950 WatcherThread [stack: 0x00000015a1900000,0x00000015a1a00000] [id=56728]
  0x000001c1058c1290 GCTaskThread "GC Thread#0" [stack: 0x00000015a0a00000,0x00000015a0b00000] [id=53716]
  0x000001c1058d39d0 ConcurrentGCThread "G1 Main Marker" [stack: 0x00000015a0b00000,0x00000015a0c00000] [id=24832]
  0x000001c1058d45c0 ConcurrentGCThread "G1 Conc#0" [stack: 0x00000015a0c00000,0x00000015a0d00000] [id=55492]
  0x000001c1059518a0 ConcurrentGCThread "G1 Refine#0" [stack: 0x00000015a0d00000,0x00000015a0e00000] [id=456]
  0x000001c1059524a0 ConcurrentGCThread "G1 Young RemSet Sampling" [stack: 0x00000015a0e00000,0x00000015a0f00000] [id=11884]

Threads with active compile tasks:

VM state: not at safepoint (normal execution)

VM Mutex/Monitor currently owned by a thread: None

Heap address: 0x0000000080e00000, size: 2034 MB, Compressed Oops mode: 32-bit
CDS disabled.
Compressed class space mapped at: 0x0000000100000000-0x0000000140000000, size: 1073741824
Narrow klass base: 0x0000000000000000, Narrow klass shift: 3, Narrow klass range: 0x140000000

GC Precious Log:
 CPUs: 4 total, 4 available
 Memory: 8135M
 Large Page Support: Disabled
 NUMA Support: Disabled
 Compressed Oops: Enabled (32-bit)
 Heap Region Size: 1M
 Heap Min Capacity: 8M
 Heap Initial Capacity: 128M
 Heap Max Capacity: 2034M
 Pre-touch: Disabled
 Parallel Workers: 4
 Concurrent Workers: 1
 Concurrent Refinement Workers: 4
 Periodic GC: Disabled

Heap:
 garbage-first heap   total 131072K, used 7168K [0x0000000080e00000, 0x0000000100000000)
  region size 1024K, 8 young (8192K), 0 survivors (0K)
 Metaspace       used 14858K, capacity 15010K, committed 15104K, reserved 1062912K
  class space    used 1428K, capacity 1476K, committed 1536K, reserved 1048576K

Heap Regions: E=young(eden), S=young(survivor), O=old, HS=humongous(starts), HC=humongous(continues), CS=collection set, F=free, OA=open archive, CA=closed archive, TAMS=top-at-mark-start (previous, next)
|   0|0x0000000080e00000, 0x0000000080e00000, 0x0000000080f00000|  0%| F|  |TAMS 0x0000000080e00000, 0x0000000080e00000| Untracked 
|   1|0x0000000080f00000, 0x0000000080f00000, 0x0000000081000000|  0%| F|  |TAMS 0x0000000080f00000, 0x0000000080f00000| Untracked 
|   2|0x0000000081000000, 0x0000000081000000, 0x0000000081100000|  0%| F|  |TAMS 0x0000000081000000, 0x0000000081000000| Untracked 
|   3|0x0000000081100000, 0x0000000081100000, 0x0000000081200000|  0%| F|  |TAMS 0x0000000081100000, 0x0000000081100000| Untracked 
|   4|0x0000000081200000, 0x0000000081200000, 0x0000000081300000|  0%| F|  |TAMS 0x0000000081200000, 0x0000000081200000| Untracked 
|   5|0x0000000081300000, 0x0000000081300000, 0x0000000081400000|  0%| F|  |TAMS 0x0000000081300000, 0x0000000081300000| Untracked 
|   6|0x0000000081400000, 0x0000000081400000, 0x0000000081500000|  0%| F|  |TAMS 0x0000000081400000, 0x0000000081400000| Untracked 
|   7|0x0000000081500000, 0x0000000081500000, 0x0000000081600000|  0%| F|  |TAMS 0x0000000081500000, 0x0000000081500000| Untracked 
|   8|0x0000000081600000, 0x0000000081600000, 0x0000000081700000|  0%| F|  |TAMS 0x0000000081600000, 0x0000000081600000| Untracked 
|   9|0x0000000081700000, 0x0000000081700000, 0x0000000081800000|  0%| F|  |TAMS 0x0000000081700000, 0x0000000081700000| Untracked 
|  10|0x0000000081800000, 0x0000000081800000, 0x0000000081900000|  0%| F|  |TAMS 0x0000000081800000, 0x0000000081800000| Untracked 
|  11|0x0000000081900000, 0x0000000081900000, 0x0000000081a00000|  0%| F|  |TAMS 0x0000000081900000, 0x0000000081900000| Untracked 
|  12|0x0000000081a00000, 0x0000000081a00000, 0x0000000081b00000|  0%| F|  |TAMS 0x0000000081a00000, 0x0000000081a00000| Untracked 
|  13|0x0000000081b00000, 0x0000000081b00000, 0x0000000081c00000|  0%| F|  |TAMS 0x0000000081b00000, 0x0000000081b00000| Untracked 
|  14|0x0000000081c00000, 0x0000000081c00000, 0x0000000081d00000|  0%| F|  |TAMS 0x0000000081c00000, 0x0000000081c00000| Untracked 
|  15|0x0000000081d00000, 0x0000000081d00000, 0x0000000081e00000|  0%| F|  |TAMS 0x0000000081d00000, 0x0000000081d00000| Untracked 
|  16|0x0000000081e00000, 0x0000000081e00000, 0x0000000081f00000|  0%| F|  |TAMS 0x0000000081e00000, 0x0000000081e00000| Untracked 
|  17|0x0000000081f00000, 0x0000000081f00000, 0x0000000082000000|  0%| F|  |TAMS 0x0000000081f00000, 0x0000000081f00000| Untracked 
|  18|0x0000000082000000, 0x0000000082000000, 0x0000000082100000|  0%| F|  |TAMS 0x0000000082000000, 0x0000000082000000| Untracked 
|  19|0x0000000082100000, 0x0000000082100000, 0x0000000082200000|  0%| F|  |TAMS 0x0000000082100000, 0x0000000082100000| Untracked 
|  20|0x0000000082200000, 0x0000000082200000, 0x0000000082300000|  0%| F|  |TAMS 0x0000000082200000, 0x0000000082200000| Untracked 
|  21|0x0000000082300000, 0x0000000082300000, 0x0000000082400000|  0%| F|  |TAMS 0x0000000082300000, 0x0000000082300000| Untracked 
|  22|0x0000000082400000, 0x0000000082400000, 0x0000000082500000|  0%| F|  |TAMS 0x0000000082400000, 0x0000000082400000| Untracked 
|  23|0x0000000082500000, 0x0000000082500000, 0x0000000082600000|  0%| F|  |TAMS 0x0000000082500000, 0x0000000082500000| Untracked 
|  24|0x0000000082600000, 0x0000000082600000, 0x0000000082700000|  0%| F|  |TAMS 0x0000000082600000, 0x0000000082600000| Untracked 
|  25|0x0000000082700000, 0x0000000082700000, 0x0000000082800000|  0%| F|  |TAMS 0x0000000082700000, 0x0000000082700000| Untracked 
|  26|0x0000000082800000, 0x0000000082800000, 0x0000000082900000|  0%| F|  |TAMS 0x0000000082800000, 0x0000000082800000| Untracked 
|  27|0x0000000082900000, 0x0000000082900000, 0x0000000082a00000|  0%| F|  |TAMS 0x0000000082900000, 0x0000000082900000| Untracked 
|  28|0x0000000082a00000, 0x0000000082a00000, 0x0000000082b00000|  0%| F|  |TAMS 0x0000000082a00000, 0x0000000082a00000| Untracked 
|  29|0x0000000082b00000, 0x0000000082b00000, 0x0000000082c00000|  0%| F|  |TAMS 0x0000000082b00000, 0x0000000082b00000| Untracked 
|  30|0x0000000082c00000, 0x0000000082c00000, 0x0000000082d00000|  0%| F|  |TAMS 0x0000000082c00000, 0x0000000082c00000| Untracked 
|  31|0x0000000082d00000, 0x0000000082d00000, 0x0000000082e00000|  0%| F|  |TAMS 0x0000000082d00000, 0x0000000082d00000| Untracked 
|  32|0x0000000082e00000, 0x0000000082e00000, 0x0000000082f00000|  0%| F|  |TAMS 0x0000000082e00000, 0x0000000082e00000| Untracked 
|  33|0x0000000082f00000, 0x0000000082f00000, 0x0000000083000000|  0%| F|  |TAMS 0x0000000082f00000, 0x0000000082f00000| Untracked 
|  34|0x0000000083000000, 0x0000000083000000, 0x0000000083100000|  0%| F|  |TAMS 0x0000000083000000, 0x0000000083000000| Untracked 
|  35|0x0000000083100000, 0x0000000083100000, 0x0000000083200000|  0%| F|  |TAMS 0x0000000083100000, 0x0000000083100000| Untracked 
|  36|0x0000000083200000, 0x0000000083200000, 0x0000000083300000|  0%| F|  |TAMS 0x0000000083200000, 0x0000000083200000| Untracked 
|  37|0x0000000083300000, 0x0000000083300000, 0x0000000083400000|  0%| F|  |TAMS 0x0000000083300000, 0x0000000083300000| Untracked 
|  38|0x0000000083400000, 0x0000000083400000, 0x0000000083500000|  0%| F|  |TAMS 0x0000000083400000, 0x0000000083400000| Untracked 
|  39|0x0000000083500000, 0x0000000083500000, 0x0000000083600000|  0%| F|  |TAMS 0x0000000083500000, 0x0000000083500000| Untracked 
|  40|0x0000000083600000, 0x0000000083600000, 0x0000000083700000|  0%| F|  |TAMS 0x0000000083600000, 0x0000000083600000| Untracked 
|  41|0x0000000083700000, 0x0000000083700000, 0x0000000083800000|  0%| F|  |TAMS 0x0000000083700000, 0x0000000083700000| Untracked 
|  42|0x0000000083800000, 0x0000000083800000, 0x0000000083900000|  0%| F|  |TAMS 0x0000000083800000, 0x0000000083800000| Untracked 
|  43|0x0000000083900000, 0x0000000083900000, 0x0000000083a00000|  0%| F|  |TAMS 0x0000000083900000, 0x0000000083900000| Untracked 
|  44|0x0000000083a00000, 0x0000000083a00000, 0x0000000083b00000|  0%| F|  |TAMS 0x0000000083a00000, 0x0000000083a00000| Untracked 
|  45|0x0000000083b00000, 0x0000000083b00000, 0x0000000083c00000|  0%| F|  |TAMS 0x0000000083b00000, 0x0000000083b00000| Untracked 
|  46|0x0000000083c00000, 0x0000000083c00000, 0x0000000083d00000|  0%| F|  |TAMS 0x0000000083c00000, 0x0000000083c00000| Untracked 
|  47|0x0000000083d00000, 0x0000000083d00000, 0x0000000083e00000|  0%| F|  |TAMS 0x0000000083d00000, 0x0000000083d00000| Untracked 
|  48|0x0000000083e00000, 0x0000000083e00000, 0x0000000083f00000|  0%| F|  |TAMS 0x0000000083e00000, 0x0000000083e00000| Untracked 
|  49|0x0000000083f00000, 0x0000000083f00000, 0x0000000084000000|  0%| F|  |TAMS 0x0000000083f00000, 0x0000000083f00000| Untracked 
|  50|0x0000000084000000, 0x0000000084000000, 0x0000000084100000|  0%| F|  |TAMS 0x0000000084000000, 0x0000000084000000| Untracked 
|  51|0x0000000084100000, 0x0000000084100000, 0x0000000084200000|  0%| F|  |TAMS 0x0000000084100000, 0x0000000084100000| Untracked 
|  52|0x0000000084200000, 0x0000000084200000, 0x0000000084300000|  0%| F|  |TAMS 0x0000000084200000, 0x0000000084200000| Untracked 
|  53|0x0000000084300000, 0x0000000084300000, 0x0000000084400000|  0%| F|  |TAMS 0x0000000084300000, 0x0000000084300000| Untracked 
|  54|0x0000000084400000, 0x0000000084400000, 0x0000000084500000|  0%| F|  |TAMS 0x0000000084400000, 0x0000000084400000| Untracked 
|  55|0x0000000084500000, 0x0000000084500000, 0x0000000084600000|  0%| F|  |TAMS 0x0000000084500000, 0x0000000084500000| Untracked 
|  56|0x0000000084600000, 0x0000000084600000, 0x0000000084700000|  0%| F|  |TAMS 0x0000000084600000, 0x0000000084600000| Untracked 
|  57|0x0000000084700000, 0x0000000084700000, 0x0000000084800000|  0%| F|  |TAMS 0x0000000084700000, 0x0000000084700000| Untracked 
|  58|0x0000000084800000, 0x0000000084800000, 0x0000000084900000|  0%| F|  |TAMS 0x0000000084800000, 0x0000000084800000| Untracked 
|  59|0x0000000084900000, 0x0000000084900000, 0x0000000084a00000|  0%| F|  |TAMS 0x0000000084900000, 0x0000000084900000| Untracked 
|  60|0x0000000084a00000, 0x0000000084a00000, 0x0000000084b00000|  0%| F|  |TAMS 0x0000000084a00000, 0x0000000084a00000| Untracked 
|  61|0x0000000084b00000, 0x0000000084b00000, 0x0000000084c00000|  0%| F|  |TAMS 0x0000000084b00000, 0x0000000084b00000| Untracked 
|  62|0x0000000084c00000, 0x0000000084c00000, 0x0000000084d00000|  0%| F|  |TAMS 0x0000000084c00000, 0x0000000084c00000| Untracked 
|  63|0x0000000084d00000, 0x0000000084d00000, 0x0000000084e00000|  0%| F|  |TAMS 0x0000000084d00000, 0x0000000084d00000| Untracked 
|  64|0x0000000084e00000, 0x0000000084e00000, 0x0000000084f00000|  0%| F|  |TAMS 0x0000000084e00000, 0x0000000084e00000| Untracked 
|  65|0x0000000084f00000, 0x0000000084f00000, 0x0000000085000000|  0%| F|  |TAMS 0x0000000084f00000, 0x0000000084f00000| Untracked 
|  66|0x0000000085000000, 0x0000000085000000, 0x0000000085100000|  0%| F|  |TAMS 0x0000000085000000, 0x0000000085000000| Untracked 
|  67|0x0000000085100000, 0x0000000085100000, 0x0000000085200000|  0%| F|  |TAMS 0x0000000085100000, 0x0000000085100000| Untracked 
|  68|0x0000000085200000, 0x0000000085200000, 0x0000000085300000|  0%| F|  |TAMS 0x0000000085200000, 0x0000000085200000| Untracked 
|  69|0x0000000085300000, 0x0000000085300000, 0x0000000085400000|  0%| F|  |TAMS 0x0000000085300000, 0x0000000085300000| Untracked 
|  70|0x0000000085400000, 0x0000000085400000, 0x0000000085500000|  0%| F|  |TAMS 0x0000000085400000, 0x0000000085400000| Untracked 
|  71|0x0000000085500000, 0x0000000085500000, 0x0000000085600000|  0%| F|  |TAMS 0x0000000085500000, 0x0000000085500000| Untracked 
|  72|0x0000000085600000, 0x0000000085600000, 0x0000000085700000|  0%| F|  |TAMS 0x0000000085600000, 0x0000000085600000| Untracked 
|  73|0x0000000085700000, 0x0000000085700000, 0x0000000085800000|  0%| F|  |TAMS 0x0000000085700000, 0x0000000085700000| Untracked 
|  74|0x0000000085800000, 0x0000000085800000, 0x0000000085900000|  0%| F|  |TAMS 0x0000000085800000, 0x0000000085800000| Untracked 
|  75|0x0000000085900000, 0x0000000085900000, 0x0000000085a00000|  0%| F|  |TAMS 0x0000000085900000, 0x0000000085900000| Untracked 
|  76|0x0000000085a00000, 0x0000000085a00000, 0x0000000085b00000|  0%| F|  |TAMS 0x0000000085a00000, 0x0000000085a00000| Untracked 
|  77|0x0000000085b00000, 0x0000000085b00000, 0x0000000085c00000|  0%| F|  |TAMS 0x0000000085b00000, 0x0000000085b00000| Untracked 
|  78|0x0000000085c00000, 0x0000000085c00000, 0x0000000085d00000|  0%| F|  |TAMS 0x0000000085c00000, 0x0000000085c00000| Untracked 
|  79|0x0000000085d00000, 0x0000000085d00000, 0x0000000085e00000|  0%| F|  |TAMS 0x0000000085d00000, 0x0000000085d00000| Untracked 
|  80|0x0000000085e00000, 0x0000000085e00000, 0x0000000085f00000|  0%| F|  |TAMS 0x0000000085e00000, 0x0000000085e00000| Untracked 
|  81|0x0000000085f00000, 0x0000000085f00000, 0x0000000086000000|  0%| F|  |TAMS 0x0000000085f00000, 0x0000000085f00000| Untracked 
|  82|0x0000000086000000, 0x0000000086000000, 0x0000000086100000|  0%| F|  |TAMS 0x0000000086000000, 0x0000000086000000| Untracked 
|  83|0x0000000086100000, 0x0000000086100000, 0x0000000086200000|  0%| F|  |TAMS 0x0000000086100000, 0x0000000086100000| Untracked 
|  84|0x0000000086200000, 0x0000000086200000, 0x0000000086300000|  0%| F|  |TAMS 0x0000000086200000, 0x0000000086200000| Untracked 
|  85|0x0000000086300000, 0x0000000086300000, 0x0000000086400000|  0%| F|  |TAMS 0x0000000086300000, 0x0000000086300000| Untracked 
|  86|0x0000000086400000, 0x0000000086400000, 0x0000000086500000|  0%| F|  |TAMS 0x0000000086400000, 0x0000000086400000| Untracked 
|  87|0x0000000086500000, 0x0000000086500000, 0x0000000086600000|  0%| F|  |TAMS 0x0000000086500000, 0x0000000086500000| Untracked 
|  88|0x0000000086600000, 0x0000000086600000, 0x0000000086700000|  0%| F|  |TAMS 0x0000000086600000, 0x0000000086600000| Untracked 
|  89|0x0000000086700000, 0x0000000086700000, 0x0000000086800000|  0%| F|  |TAMS 0x0000000086700000, 0x0000000086700000| Untracked 
|  90|0x0000000086800000, 0x0000000086800000, 0x0000000086900000|  0%| F|  |TAMS 0x0000000086800000, 0x0000000086800000| Untracked 
|  91|0x0000000086900000, 0x0000000086900000, 0x0000000086a00000|  0%| F|  |TAMS 0x0000000086900000, 0x0000000086900000| Untracked 
|  92|0x0000000086a00000, 0x0000000086a00000, 0x0000000086b00000|  0%| F|  |TAMS 0x0000000086a00000, 0x0000000086a00000| Untracked 
|  93|0x0000000086b00000, 0x0000000086b00000, 0x0000000086c00000|  0%| F|  |TAMS 0x0000000086b00000, 0x0000000086b00000| Untracked 
|  94|0x0000000086c00000, 0x0000000086c00000, 0x0000000086d00000|  0%| F|  |TAMS 0x0000000086c00000, 0x0000000086c00000| Untracked 
|  95|0x0000000086d00000, 0x0000000086d00000, 0x0000000086e00000|  0%| F|  |TAMS 0x0000000086d00000, 0x0000000086d00000| Untracked 
|  96|0x0000000086e00000, 0x0000000086e00000, 0x0000000086f00000|  0%| F|  |TAMS 0x0000000086e00000, 0x0000000086e00000| Untracked 
|  97|0x0000000086f00000, 0x0000000086f00000, 0x0000000087000000|  0%| F|  |TAMS 0x0000000086f00000, 0x0000000086f00000| Untracked 
|  98|0x0000000087000000, 0x0000000087000000, 0x0000000087100000|  0%| F|  |TAMS 0x0000000087000000, 0x0000000087000000| Untracked 
|  99|0x0000000087100000, 0x0000000087100000, 0x0000000087200000|  0%| F|  |TAMS 0x0000000087100000, 0x0000000087100000| Untracked 
| 100|0x0000000087200000, 0x0000000087200000, 0x0000000087300000|  0%| F|  |TAMS 0x0000000087200000, 0x0000000087200000| Untracked 
| 101|0x0000000087300000, 0x0000000087300000, 0x0000000087400000|  0%| F|  |TAMS 0x0000000087300000, 0x0000000087300000| Untracked 
| 102|0x0000000087400000, 0x0000000087400000, 0x0000000087500000|  0%| F|  |TAMS 0x0000000087400000, 0x0000000087400000| Untracked 
| 103|0x0000000087500000, 0x0000000087500000, 0x0000000087600000|  0%| F|  |TAMS 0x0000000087500000, 0x0000000087500000| Untracked 
| 104|0x0000000087600000, 0x0000000087600000, 0x0000000087700000|  0%| F|  |TAMS 0x0000000087600000, 0x0000000087600000| Untracked 
| 105|0x0000000087700000, 0x0000000087700000, 0x0000000087800000|  0%| F|  |TAMS 0x0000000087700000, 0x0000000087700000| Untracked 
| 106|0x0000000087800000, 0x0000000087800000, 0x0000000087900000|  0%| F|  |TAMS 0x0000000087800000, 0x0000000087800000| Untracked 
| 107|0x0000000087900000, 0x0000000087900000, 0x0000000087a00000|  0%| F|  |TAMS 0x0000000087900000, 0x0000000087900000| Untracked 
| 108|0x0000000087a00000, 0x0000000087a00000, 0x0000000087b00000|  0%| F|  |TAMS 0x0000000087a00000, 0x0000000087a00000| Untracked 
| 109|0x0000000087b00000, 0x0000000087b00000, 0x0000000087c00000|  0%| F|  |TAMS 0x0000000087b00000, 0x0000000087b00000| Untracked 
| 110|0x0000000087c00000, 0x0000000087c00000, 0x0000000087d00000|  0%| F|  |TAMS 0x0000000087c00000, 0x0000000087c00000| Untracked 
| 111|0x0000000087d00000, 0x0000000087d00000, 0x0000000087e00000|  0%| F|  |TAMS 0x0000000087d00000, 0x0000000087d00000| Untracked 
| 112|0x0000000087e00000, 0x0000000087e00000, 0x0000000087f00000|  0%| F|  |TAMS 0x0000000087e00000, 0x0000000087e00000| Untracked 
| 113|0x0000000087f00000, 0x0000000087f00000, 0x0000000088000000|  0%| F|  |TAMS 0x0000000087f00000, 0x0000000087f00000| Untracked 
| 114|0x0000000088000000, 0x0000000088000000, 0x0000000088100000|  0%| F|  |TAMS 0x0000000088000000, 0x0000000088000000| Untracked 
| 115|0x0000000088100000, 0x0000000088100000, 0x0000000088200000|  0%| F|  |TAMS 0x0000000088100000, 0x0000000088100000| Untracked 
| 116|0x0000000088200000, 0x0000000088200000, 0x0000000088300000|  0%| F|  |TAMS 0x0000000088200000, 0x0000000088200000| Untracked 
| 117|0x0000000088300000, 0x0000000088300000, 0x0000000088400000|  0%| F|  |TAMS 0x0000000088300000, 0x0000000088300000| Untracked 
| 118|0x0000000088400000, 0x0000000088400000, 0x0000000088500000|  0%| F|  |TAMS 0x0000000088400000, 0x0000000088400000| Untracked 
| 119|0x0000000088500000, 0x0000000088500000, 0x0000000088600000|  0%| F|  |TAMS 0x0000000088500000, 0x0000000088500000| Untracked 
| 120|0x0000000088600000, 0x0000000088700000, 0x0000000088700000|100%| E|  |TAMS 0x0000000088600000, 0x0000000088600000| Complete 
| 121|0x0000000088700000, 0x0000000088800000, 0x0000000088800000|100%| E|CS|TAMS 0x0000000088700000, 0x0000000088700000| Complete 
| 122|0x0000000088800000, 0x0000000088900000, 0x0000000088900000|100%| E|CS|TAMS 0x0000000088800000, 0x0000000088800000| Complete 
| 123|0x0000000088900000, 0x0000000088a00000, 0x0000000088a00000|100%| E|CS|TAMS 0x0000000088900000, 0x0000000088900000| Complete 
| 124|0x0000000088a00000, 0x0000000088b00000, 0x0000000088b00000|100%| E|CS|TAMS 0x0000000088a00000, 0x0000000088a00000| Complete 
| 125|0x0000000088b00000, 0x0000000088c00000, 0x0000000088c00000|100%| E|CS|TAMS 0x0000000088b00000, 0x0000000088b00000| Complete 
| 126|0x0000000088c00000, 0x0000000088d00000, 0x0000000088d00000|100%| E|CS|TAMS 0x0000000088c00000, 0x0000000088c00000| Complete 
| 127|0x0000000088d00000, 0x0000000088e00000, 0x0000000088e00000|100%| E|CS|TAMS 0x0000000088d00000, 0x0000000088d00000| Complete 

Card table byte_map: [0x000001c1186a0000,0x000001c118aa0000] _byte_map_base: 0x000001c118299000

Marking Bits (Prev, Next): (CMBitMap*) 0x000001c1058c2a90, (CMBitMap*) 0x000001c1058c2ad0
 Prev Bits: [0x000001c118ea0000, 0x000001c11ae68000)
 Next Bits: [0x000001c11ae70000, 0x000001c11ce38000)

Polling page: 0x000001c1036e0000

Metaspace:

Usage:
  Non-class:     13.22 MB capacity,    13.12 MB (>99%) used,    85.97 KB ( <1%) free+waste,    17.50 KB ( <1%) overhead. 
      Class:      1.44 MB capacity,     1.39 MB ( 97%) used,    41.65 KB (  3%) free+waste,     6.00 KB ( <1%) overhead. 
       Both:     14.66 MB capacity,    14.51 MB ( 99%) used,   127.62 KB ( <1%) free+waste,    23.50 KB ( <1%) overhead. 

Virtual space:
  Non-class space:       14.00 MB reserved,      13.25 MB ( 95%) committed 
      Class space:        1.00 GB reserved,       1.50 MB ( <1%) committed 
             Both:        1.01 GB reserved,      14.75 MB (  1%) committed 

Chunk freelists:
   Non-Class:  34.00 KB
       Class:  28.00 KB
        Both:  62.00 KB

MaxMetaspaceSize: 17179869184.00 GB
CompressedClassSpaceSize: 1.00 GB

CodeHeap 'non-profiled nmethods': size=120000Kb used=435Kb max_used=435Kb free=119564Kb
 bounds [0x000001c110d70000, 0x000001c110fe0000, 0x000001c1182a0000]
CodeHeap 'profiled nmethods': size=120000Kb used=1968Kb max_used=1968Kb free=118031Kb
 bounds [0x000001c109840000, 0x000001c109ab0000, 0x000001c110d70000]
CodeHeap 'non-nmethods': size=5760Kb used=1275Kb max_used=1302Kb free=4485Kb
 bounds [0x000001c1092a0000, 0x000001c109510000, 0x000001c109840000]
 total_blobs=1757 nmethods=1197 adapters=473
 compilation: enabled
              stopped_count=0, restarted_count=0
 full_count=0

Compilation events (20 events):
Event: 7.109 Thread 0x000001c11fc12300 1187       3       java.awt.image.VolatileImage::getGraphics (5 bytes)
Event: 7.109 Thread 0x000001c11fc12300 nmethod 1187 0x000001c109a25c10 code [0x000001c109a25dc0, 0x000001c109a25f68]
Event: 7.142 Thread 0x000001c11fc12300 1188       3       mario.Game::render (85 bytes)
Event: 7.143 Thread 0x000001c11fc12300 nmethod 1188 0x000001c109a26010 code [0x000001c109a26240, 0x000001c109a26ac8]
Event: 7.159 Thread 0x000001c11fc12300 1189       3       java.awt.Component$FlipBufferStrategy::updateInternalBuffers (38 bytes)
Event: 7.159 Thread 0x000001c11fc12300 nmethod 1189 0x000001c109a26d10 code [0x000001c109a26f00, 0x000001c109a275b8]
Event: 7.159 Thread 0x000001c11fc12300 1190       3       java.awt.Component$FlipBufferStrategy::show (12 bytes)
Event: 7.159 Thread 0x000001c11fc12300 nmethod 1190 0x000001c109a27790 code [0x000001c109a27940, 0x000001c109a27b88]
Event: 7.159 Thread 0x000001c11fc12300 1191       3       java.awt.Component$FlipBufferStrategy::flip (58 bytes)
Event: 7.160 Thread 0x000001c11fc12300 nmethod 1191 0x000001c109a27c90 code [0x000001c109a27ec0, 0x000001c109a28658]
Event: 7.160 Thread 0x000001c11fc12300 1192       3       sun.awt.windows.WComponentPeer::flip (54 bytes)
Event: 7.160 Thread 0x000001c11fc12300 nmethod 1192 0x000001c109a28910 code [0x000001c109a28b00, 0x000001c109a292d8]
Event: 7.160 Thread 0x000001c11fc12300 1193   !   3       sun.java2d.d3d.D3DGraphicsConfig::flip (241 bytes)
Event: 7.161 Thread 0x000001c11fc12300 nmethod 1193 0x000001c109a29490 code [0x000001c109a29800, 0x000001c109a2ad78]
Event: 7.242 Thread 0x000001c11f36e620 1194       4       mario.Tree::tick (1 bytes)
Event: 7.242 Thread 0x000001c11f36e620 nmethod 1194 0x000001c110ddc610 code [0x000001c110ddc780, 0x000001c110ddc7d8]
Event: 7.294 Thread 0x000001c11fc12300 1195       3       jdk.internal.loader.NativeLibraries$NativeLibraryImpl::find (6 bytes)
Event: 7.294 Thread 0x000001c11fc12300 nmethod 1195 0x000001c109a2b810 code [0x000001c109a2b9c0, 0x000001c109a2bae8]
Event: 7.309 Thread 0x000001c11fc12300 1197       3       java.lang.ref.PhantomReference::<init> (7 bytes)
Event: 7.309 Thread 0x000001c11fc12300 nmethod 1197 0x000001c109a2bb90 code [0x000001c109a2bd40, 0x000001c109a2c018]

GC Heap History (0 events):
No events

Deoptimization events (20 events):
Event: 1.750 Thread 0x000001c1202a5440 DEOPT PACKING pc=0x000001c10999b42b sp=0x00000015a1eff080
Event: 1.750 Thread 0x000001c1202a5440 DEOPT UNPACKING pc=0x000001c1092ee23f sp=0x00000015a1efe5b0 mode 0
Event: 1.750 Thread 0x000001c1202a5440 DEOPT PACKING pc=0x000001c10999b42b sp=0x00000015a1eff080
Event: 1.750 Thread 0x000001c1202a5440 DEOPT UNPACKING pc=0x000001c1092ee23f sp=0x00000015a1efe5b0 mode 0
Event: 1.751 Thread 0x000001c1202a5440 DEOPT PACKING pc=0x000001c10999b42b sp=0x00000015a1eff080
Event: 1.751 Thread 0x000001c1202a5440 DEOPT UNPACKING pc=0x000001c1092ee23f sp=0x00000015a1efe5b0 mode 0
Event: 1.751 Thread 0x000001c1202a5440 DEOPT PACKING pc=0x000001c10999b42b sp=0x00000015a1eff080
Event: 1.751 Thread 0x000001c1202a5440 DEOPT UNPACKING pc=0x000001c1092ee23f sp=0x00000015a1efe5b0 mode 0
Event: 1.751 Thread 0x000001c1202a5440 DEOPT PACKING pc=0x000001c10999b42b sp=0x00000015a1eff080
Event: 1.751 Thread 0x000001c1202a5440 DEOPT UNPACKING pc=0x000001c1092ee23f sp=0x00000015a1efe5b0 mode 0
Event: 1.752 Thread 0x000001c1202a5440 DEOPT PACKING pc=0x000001c10999b42b sp=0x00000015a1eff080
Event: 1.752 Thread 0x000001c1202a5440 DEOPT UNPACKING pc=0x000001c1092ee23f sp=0x00000015a1efe5b0 mode 0
Event: 2.154 Thread 0x000001c12064a990 Uncommon trap: trap_request=0xffffff45 fr.pc=0x000001c110db1a30 relative=0x0000000000000130
Event: 2.154 Thread 0x000001c12064a990 Uncommon trap: reason=unstable_if action=reinterpret pc=0x000001c110db1a30 method=java.util.concurrent.locks.ReentrantLock$NonfairSync.initialTryLock()Z @ 10 c2
Event: 2.155 Thread 0x000001c12064a990 DEOPT PACKING pc=0x000001c110db1a30 sp=0x00000015a21ff0d0
Event: 2.155 Thread 0x000001c12064a990 DEOPT UNPACKING pc=0x000001c1092ee42f sp=0x00000015a21ff078 mode 2
Event: 7.295 Thread 0x000001c1207ad770 Uncommon trap: trap_request=0xffffff45 fr.pc=0x000001c110db0764 relative=0x0000000000000064
Event: 7.295 Thread 0x000001c1207ad770 Uncommon trap: reason=unstable_if action=reinterpret pc=0x000001c110db0764 method=sun.java2d.StateTrackableDelegate$1.isCurrent()Z @ 8 c2
Event: 7.295 Thread 0x000001c1207ad770 DEOPT PACKING pc=0x000001c110db0764 sp=0x00000015a22feed0
Event: 7.295 Thread 0x000001c1207ad770 DEOPT UNPACKING pc=0x000001c1092ee42f sp=0x00000015a22fee68 mode 2

Classes unloaded (0 events):
No events

Classes redefined (0 events):
No events

Internal exceptions (16 events):
Event: 0.127 Thread 0x000001c105882a70 Exception <a 'java/lang/NoSuchMethodError'{0x0000000088df15d0}: 'void java.lang.invoke.DirectMethodHandle$Holder.invokeSpecial(java.lang.Object, java.lang.Object, java.lang.Object)'> (0x0000000088df15d0) 
thrown [./open/src/hotspot/share/interpreter/linkResolver.cpp, line 782]
Event: 0.154 Thread 0x000001c105882a70 Exception <a 'java/lang/ClassNotFoundException'{0x0000000088c12ae0}: sun/awt/resources/spi/awtProvider> (0x0000000088c12ae0) 
thrown [./open/src/hotspot/share/classfile/systemDictionary.cpp, line 295]
Event: 0.184 Thread 0x000001c105882a70 Exception <a 'java/io/FileNotFoundException'{0x0000000088c6eea8}> (0x0000000088c6eea8) 
thrown [./open/src/hotspot/share/prims/jni.cpp, line 578]
Event: 0.193 Thread 0x000001c105882a70 Exception <a 'java/io/FileNotFoundException'{0x0000000088c9dc90}> (0x0000000088c9dc90) 
thrown [./open/src/hotspot/share/prims/jni.cpp, line 578]
Event: 0.194 Thread 0x000001c105882a70 Exception <a 'java/lang/NoSuchMethodError'{0x0000000088c9efd0}: 'java.lang.Object java.lang.invoke.DirectMethodHandle$Holder.invokeStatic(java.lang.Object)'> (0x0000000088c9efd0) 
thrown [./open/src/hotspot/share/interpreter/linkResolver.cpp, line 782]
Event: 0.248 Thread 0x000001c105882a70 Exception <a 'java/lang/NoSuchMethodError'{0x0000000088b10e40}: 'java.lang.Object java.lang.invoke.DirectMethodHandle$Holder.invokeStaticInit(java.lang.Object)'> (0x0000000088b10e40) 
thrown [./open/src/hotspot/share/interpreter/linkResolver.cpp, line 782]
Event: 0.283 Thread 0x000001c105882a70 Exception <a 'java/lang/NoSuchMethodError'{0x0000000088ba6310}: 'java.lang.Object java.lang.invoke.DirectMethodHandle$Holder.newInvokeSpecial(java.lang.Object, java.lang.Object, java.lang.Object, java.lang.Object, java.lang.Object)'> (0x0000000088ba6310) 
thrown [./open/src/hotspot/share/interpreter/linkResolver.cpp, line 782]
Event: 0.285 Thread 0x000001c105882a70 Exception <a 'java/lang/NoSuchMethodError'{0x0000000088bb1da0}: 'java.lang.Object java.lang.invoke.DirectMethodHandle$Holder.invokeStatic(java.lang.Object, int, java.lang.Object, java.lang.Object, java.lang.Object, java.lang.Object)'> (0x0000000088bb1da0) 
thrown [./open/src/hotspot/share/interpreter/linkResolver.cpp, line 782]
Event: 0.290 Thread 0x000001c105882a70 Exception <a 'java/lang/NoSuchMethodError'{0x0000000088bd82c8}: 'java.lang.Object java.lang.invoke.DirectMethodHandle$Holder.invokeStatic(java.lang.Object, int, java.lang.Object)'> (0x0000000088bd82c8) 
thrown [./open/src/hotspot/share/interpreter/linkResolver.cpp, line 782]
Event: 0.327 Thread 0x000001c105882a70 Exception <a 'java/lang/ClassNotFoundException'{0x0000000088a93c08}: com/sun/swing/internal/plaf/metal/resources/spi/metalProvider> (0x0000000088a93c08) 
thrown [./open/src/hotspot/share/classfile/systemDictionary.cpp, line 295]
Event: 0.328 Thread 0x000001c105882a70 Exception <a 'java/lang/ClassNotFoundException'{0x0000000088a97d20}: com/sun/swing/internal/plaf/basic/resources/spi/basicProvider> (0x0000000088a97d20) 
thrown [./open/src/hotspot/share/classfile/systemDictionary.cpp, line 295]
Event: 0.511 Thread 0x000001c1202a5440 Exception <a 'java/lang/NoSuchMethodError'{0x000000008894fcb0}: 'void java.lang.invoke.DirectMethodHandle$Holder.invokeStaticInit(java.lang.Object)'> (0x000000008894fcb0) 
thrown [./open/src/hotspot/share/interpreter/linkResolver.cpp, line 782]
Event: 0.603 Thread 0x000001c1202a5440 Exception <a 'java/lang/NoSuchMethodError'{0x000000008882e4d8}: 'void java.lang.invoke.DirectMethodHandle$Holder.invokeStatic(java.lang.Object, java.lang.Object)'> (0x000000008882e4d8) 
thrown [./open/src/hotspot/share/interpreter/linkResolver.cpp, line 782]
Event: 0.603 Thread 0x000001c1202a5440 Exception <a 'java/lang/NoSuchMethodError'{0x0000000088831ee0}: 'void java.lang.invoke.DirectMethodHandle$Holder.invokeStaticInit(java.lang.Object, java.lang.Object)'> (0x0000000088831ee0) 
thrown [./open/src/hotspot/share/interpreter/linkResolver.cpp, line 782]
Event: 0.611 Thread 0x000001c1202a5440 Exception <a 'java/lang/NoSuchMethodError'{0x000000008885f280}: 'java.lang.Object java.lang.invoke.DirectMethodHandle$Holder.invokeStaticInit(java.lang.Object, int, int, int, int)'> (0x000000008885f280) 
thrown [./open/src/hotspot/share/interpreter/linkResolver.cpp, line 782]
Event: 0.699 Thread 0x000001c1202a5440 Exception <a 'java/lang/NoSuchMethodError'{0x00000000888b9c50}: 'java.lang.Object java.lang.invoke.DirectMethodHandle$Holder.invokeStaticInit(java.lang.Object, java.lang.Object, int, int, int, int)'> (0x00000000888b9c50) 
thrown [./open/src/hotspot/share/interpreter/linkResolver.cpp, line 782]

Events (20 events):
Event: 2.259 loading class java/awt/image/BufferedImageOp done
Event: 3.653 Executing VM operation: HandshakeAllThreads
Event: 3.653 Executing VM operation: HandshakeAllThreads done
Event: 4.668 Executing VM operation: HandshakeAllThreads
Event: 4.668 Executing VM operation: HandshakeAllThreads done
Event: 5.681 Executing VM operation: HandshakeAllThreads
Event: 5.682 Executing VM operation: HandshakeAllThreads done
Event: 6.683 Executing VM operation: HandshakeAllThreads
Event: 6.683 Executing VM operation: HandshakeAllThreads done
Event: 7.294 Thread 0x000001c1203e8ac0 Thread added: 0x000001c1203e8ac0
Event: 7.294 Thread 0x000001c1203e8f90 Thread added: 0x000001c1203e8f90
Event: 7.294 Thread 0x000001c1203e9460 Thread added: 0x000001c1203e9460
Event: 7.294 loading class java/util/WeakHashMap$KeyIterator
Event: 7.294 loading class java/util/WeakHashMap$HashIterator
Event: 7.294 loading class java/util/WeakHashMap$HashIterator done
Event: 7.294 loading class java/util/WeakHashMap$KeyIterator done
Event: 7.295 Thread 0x000001c1203e8f90 Thread exited: 0x000001c1203e8f90
Event: 7.295 Thread 0x000001c1203e9460 Thread exited: 0x000001c1203e9460
Event: 7.309 Thread 0x000001c1207ad770 Thread exited: 0x000001c1207ad770
Event: 7.318 Thread 0x000001c12023d920 Thread exited: 0x000001c12023d920


Dynamic libraries:
0x00007ff66b9b0000 - 0x00007ff66b9bd000 	C:\Users\dakota\.p2\pool\plugins\org.eclipse.justj.openjdk.hotspot.jre.full.win32.x86_64_15.0.1.v20201027-0507\jre\bin\javaw.exe
0x00007ffe234d0000 - 0x00007ffe236c6000 	C:\WINDOWS\SYSTEM32\ntdll.dll
0x00007ffe21970000 - 0x00007ffe21a2d000 	C:\WINDOWS\System32\KERNEL32.DLL
0x00007ffe21000000 - 0x00007ffe212c9000 	C:\WINDOWS\System32\KERNELBASE.dll
0x00007ffe20d90000 - 0x00007ffe20e90000 	C:\WINDOWS\System32\ucrtbase.dll
0x00007ffe0d4f0000 - 0x00007ffe0d509000 	C:\Users\dakota\.p2\pool\plugins\org.eclipse.justj.openjdk.hotspot.jre.full.win32.x86_64_15.0.1.v20201027-0507\jre\bin\VCRUNTIME140.dll
0x00007ffe0d510000 - 0x00007ffe0d528000 	C:\Users\dakota\.p2\pool\plugins\org.eclipse.justj.openjdk.hotspot.jre.full.win32.x86_64_15.0.1.v20201027-0507\jre\bin\jli.dll
0x00007ffe21600000 - 0x00007ffe217a0000 	C:\WINDOWS\System32\USER32.dll
0x00007ffe214d0000 - 0x00007ffe214f2000 	C:\WINDOWS\System32\win32u.dll
0x00007ffe21c80000 - 0x00007ffe21caa000 	C:\WINDOWS\System32\GDI32.dll
0x00007ffe20e90000 - 0x00007ffe20f99000 	C:\WINDOWS\System32\gdi32full.dll
0x00007ffe21430000 - 0x00007ffe214cd000 	C:\WINDOWS\System32\msvcp_win.dll
0x00007ffe17690000 - 0x00007ffe1792b000 	C:\WINDOWS\WinSxS\amd64_microsoft.windows.common-controls_6595b64144ccf1df_6.0.19041.488_none_ca04af081b815d21\COMCTL32.dll
0x00007ffe22480000 - 0x00007ffe2251e000 	C:\WINDOWS\System32\msvcrt.dll
0x00007ffe22520000 - 0x00007ffe22550000 	C:\WINDOWS\System32\IMM32.DLL
0x00007ffe1e2b0000 - 0x00007ffe1e2bc000 	C:\Users\dakota\.p2\pool\plugins\org.eclipse.justj.openjdk.hotspot.jre.full.win32.x86_64_15.0.1.v20201027-0507\jre\bin\vcruntime140_1.dll
0x00007ffdecd80000 - 0x00007ffdece11000 	C:\Users\dakota\.p2\pool\plugins\org.eclipse.justj.openjdk.hotspot.jre.full.win32.x86_64_15.0.1.v20201027-0507\jre\bin\msvcp140.dll
0x00007ffdc50d0000 - 0x00007ffdc5c2e000 	C:\Users\dakota\.p2\pool\plugins\org.eclipse.justj.openjdk.hotspot.jre.full.win32.x86_64_15.0.1.v20201027-0507\jre\bin\server\jvm.dll
0x00007ffe233e0000 - 0x00007ffe2348c000 	C:\WINDOWS\System32\ADVAPI32.dll
0x00007ffe218d0000 - 0x00007ffe2196c000 	C:\WINDOWS\System32\sechost.dll
0x00007ffe22740000 - 0x00007ffe2286b000 	C:\WINDOWS\System32\RPCRT4.dll
0x00007ffe23010000 - 0x00007ffe23018000 	C:\WINDOWS\System32\PSAPI.DLL
0x00007ffe17930000 - 0x00007ffe17957000 	C:\WINDOWS\SYSTEM32\WINMM.dll
0x00007ffe10300000 - 0x00007ffe10309000 	C:\WINDOWS\SYSTEM32\WSOCK32.dll
0x00007ffe22410000 - 0x00007ffe2247b000 	C:\WINDOWS\System32\WS2_32.dll
0x00007ffe1bbf0000 - 0x00007ffe1bbfa000 	C:\WINDOWS\SYSTEM32\VERSION.dll
0x00007ffe1f540000 - 0x00007ffe1f552000 	C:\WINDOWS\SYSTEM32\kernel.appcore.dll
0x00007ffe1c5c0000 - 0x00007ffe1c5ca000 	C:\Users\dakota\.p2\pool\plugins\org.eclipse.justj.openjdk.hotspot.jre.full.win32.x86_64_15.0.1.v20201027-0507\jre\bin\jimage.dll
0x00007ffe07e70000 - 0x00007ffe08054000 	C:\WINDOWS\SYSTEM32\DBGHELP.DLL
0x00007ffe02920000 - 0x00007ffe0294c000 	C:\WINDOWS\SYSTEM32\dbgcore.DLL
0x00007ffe20c10000 - 0x00007ffe20c90000 	C:\WINDOWS\System32\bcryptPrimitives.dll
0x00007ffe09d70000 - 0x00007ffe09d95000 	C:\Users\dakota\.p2\pool\plugins\org.eclipse.justj.openjdk.hotspot.jre.full.win32.x86_64_15.0.1.v20201027-0507\jre\bin\java.dll
0x00007ffe155f0000 - 0x00007ffe15608000 	C:\Users\dakota\.p2\pool\plugins\org.eclipse.justj.openjdk.hotspot.jre.full.win32.x86_64_15.0.1.v20201027-0507\jre\bin\zip.dll
0x00007ffe21cb0000 - 0x00007ffe223f2000 	C:\WINDOWS\System32\SHELL32.dll
0x00007ffe1ed00000 - 0x00007ffe1f495000 	C:\WINDOWS\SYSTEM32\windows.storage.dll
0x00007ffe23080000 - 0x00007ffe233d6000 	C:\WINDOWS\System32\combase.dll
0x00007ffe205b0000 - 0x00007ffe205dc000 	C:\WINDOWS\SYSTEM32\Wldp.dll
0x00007ffe21530000 - 0x00007ffe215de000 	C:\WINDOWS\System32\SHCORE.dll
0x00007ffe22660000 - 0x00007ffe226b5000 	C:\WINDOWS\System32\shlwapi.dll
0x00007ffe20b40000 - 0x00007ffe20b66000 	C:\WINDOWS\SYSTEM32\profapi.dll
0x00007ffdecc00000 - 0x00007ffdecd7f000 	C:\Users\dakota\.p2\pool\plugins\org.eclipse.justj.openjdk.hotspot.jre.full.win32.x86_64_15.0.1.v20201027-0507\jre\bin\awt.dll
0x00007ffe22870000 - 0x00007ffe2293d000 	C:\WINDOWS\System32\OLEAUT32.dll
0x00007ffe1e160000 - 0x00007ffe1e1f0000 	C:\WINDOWS\SYSTEM32\apphelp.dll
0x00007ffe1e370000 - 0x00007ffe1e40e000 	C:\WINDOWS\system32\uxtheme.dll
0x00007ffe22ef0000 - 0x00007ffe23006000 	C:\WINDOWS\System32\MSCTF.dll
0x00007ffe217a0000 - 0x00007ffe218ca000 	C:\WINDOWS\System32\ole32.dll
0x00007ffe1e720000 - 0x00007ffe1e74f000 	C:\WINDOWS\system32\DWMAPI.DLL
0x00007ffdec940000 - 0x00007ffdeca65000 	C:\WINDOWS\system32\opengl32.dll
0x00007ffdf6a60000 - 0x00007ffdf6a8c000 	C:\WINDOWS\SYSTEM32\GLU32.dll
0x00007ffe212d0000 - 0x00007ffe2142d000 	C:\WINDOWS\System32\crypt32.dll
0x00007ffe20fa0000 - 0x00007ffe21000000 	C:\WINDOWS\System32\WINTRUST.DLL
0x00007ffe20730000 - 0x00007ffe20742000 	C:\WINDOWS\SYSTEM32\MSASN1.dll
0x00007ffe215e0000 - 0x00007ffe215fd000 	C:\WINDOWS\System32\imagehlp.dll
0x00007ffe20500000 - 0x00007ffe20518000 	C:\WINDOWS\SYSTEM32\CRYPTSP.dll
0x00007ffe1fcc0000 - 0x00007ffe1fcf4000 	C:\WINDOWS\system32\rsaenh.dll
0x00007ffe21500000 - 0x00007ffe21527000 	C:\WINDOWS\System32\bcrypt.dll
0x00007ffe20520000 - 0x00007ffe2052c000 	C:\WINDOWS\SYSTEM32\CRYPTBASE.dll
0x00007ffe1f510000 - 0x00007ffe1f533000 	C:\WINDOWS\SYSTEM32\gpapi.dll
0x00007ffe16580000 - 0x00007ffe165b1000 	C:\WINDOWS\SYSTEM32\cryptnet.dll
0x00007ffe19500000 - 0x00007ffe1953b000 	C:\WINDOWS\SYSTEM32\dxcore.dll
0x00007ffe20c90000 - 0x00007ffe20cde000 	C:\WINDOWS\System32\cfgmgr32.dll
0x00007ffdec8b0000 - 0x00007ffdec935000 	C:\Users\dakota\.p2\pool\plugins\org.eclipse.justj.openjdk.hotspot.jre.full.win32.x86_64_15.0.1.v20201027-0507\jre\bin\freetype.dll
0x00007ffdeb940000 - 0x00007ffdeb9e9000 	C:\Users\dakota\.p2\pool\plugins\org.eclipse.justj.openjdk.hotspot.jre.full.win32.x86_64_15.0.1.v20201027-0507\jre\bin\fontmanager.dll
0x00007ffe182c0000 - 0x00007ffe183bd000 	C:\WINDOWS\SYSTEM32\textinputframework.dll
0x00007ffe1dfd0000 - 0x00007ffe1e0c2000 	C:\WINDOWS\System32\CoreMessaging.dll
0x00007ffe1db70000 - 0x00007ffe1dece000 	C:\WINDOWS\System32\CoreUIComponents.dll
0x00007ffe1d320000 - 0x00007ffe1d476000 	C:\WINDOWS\SYSTEM32\wintypes.dll
0x00007ffe1f950000 - 0x00007ffe1f983000 	C:\WINDOWS\SYSTEM32\ntmarta.dll
0x00007ffe20b00000 - 0x00007ffe20b2e000 	C:\WINDOWS\SYSTEM32\USERENV.dll
0x00007ffe0a670000 - 0x00007ffe0a689000 	C:\Users\dakota\.p2\pool\plugins\org.eclipse.justj.openjdk.hotspot.jre.full.win32.x86_64_15.0.1.v20201027-0507\jre\bin\net.dll
0x00007ffe18fd0000 - 0x00007ffe190d0000 	C:\WINDOWS\SYSTEM32\WINHTTP.dll
0x00007ffe20330000 - 0x00007ffe2039a000 	C:\WINDOWS\system32\mswsock.dll
0x00007ffe20020000 - 0x00007ffe2005b000 	C:\WINDOWS\SYSTEM32\IPHLPAPI.DLL
0x00007ffe21c70000 - 0x00007ffe21c78000 	C:\WINDOWS\System32\NSI.dll
0x00007ffe19f40000 - 0x00007ffe19f57000 	C:\WINDOWS\SYSTEM32\dhcpcsvc6.DLL
0x00007ffe19f20000 - 0x00007ffe19f3d000 	C:\WINDOWS\SYSTEM32\dhcpcsvc.DLL
0x00007ffe20060000 - 0x00007ffe2012b000 	C:\WINDOWS\SYSTEM32\DNSAPI.dll
0x00007ffe02a30000 - 0x00007ffe02a42000 	C:\Users\dakota\.p2\pool\plugins\org.eclipse.justj.openjdk.hotspot.jre.full.win32.x86_64_15.0.1.v20201027-0507\jre\bin\nio.dll
0x00007ffdccc70000 - 0x00007ffdcccf9000 	C:\Program Files (x86)\Overwolf\0.159.0.31\OWExplorer.dll

dbghelp: loaded successfully - version: 4.0.5 - missing functions: none
symbol engine: initialized successfully - sym options: 0x614 - pdb path: .;C:\Users\dakota\.p2\pool\plugins\org.eclipse.justj.openjdk.hotspot.jre.full.win32.x86_64_15.0.1.v20201027-0507\jre\bin;C:\WINDOWS\SYSTEM32;C:\WINDOWS\WinSxS\amd64_microsoft.windows.common-controls_6595b64144ccf1df_6.0.19041.488_none_ca04af081b815d21;C:\Users\dakota\.p2\pool\plugins\org.eclipse.justj.openjdk.hotspot.jre.full.win32.x86_64_15.0.1.v20201027-0507\jre\bin\server;C:\WINDOWS\System32\DriverStore\FileRepository\nv_dispi.inf_amd64_db678424d2641c3d;C:\Program Files (x86)\Overwolf\0.159.0.31

VM Arguments:
jvm_args: -Dfile.encoding=Cp1252 -XX:+ShowCodeDetailsInExceptionMessages 
java_command: mario.Launcher
java_class_path (initial): C:\Users\dakota\eclipse-workspace\Mario\bin;C:\Users\dakota\eclipse-workspace\Mario\Res
Launcher Type: SUN_STANDARD

[Global flags]
     intx CICompilerCount                          = 3                                         {product} {ergonomic}
     uint ConcGCThreads                            = 1                                         {product} {ergonomic}
     uint G1ConcRefinementThreads                  = 4                                         {product} {ergonomic}
   size_t G1HeapRegionSize                         = 1048576                                   {product} {ergonomic}
    uintx GCDrainStackTargetSize                   = 64                                        {product} {ergonomic}
   size_t InitialHeapSize                          = 134217728                                 {product} {ergonomic}
   size_t MarkStackSize                            = 4194304                                   {product} {ergonomic}
   size_t MaxHeapSize                              = 2132803584                                {product} {ergonomic}
   size_t MaxNewSize                               = 1279262720                                {product} {ergonomic}
   size_t MinHeapDeltaBytes                        = 1048576                                   {product} {ergonomic}
   size_t MinHeapSize                              = 8388608                                   {product} {ergonomic}
    uintx NonNMethodCodeHeapSize                   = 5832780                                {pd product} {ergonomic}
    uintx NonProfiledCodeHeapSize                  = 122912730                              {pd product} {ergonomic}
    uintx ProfiledCodeHeapSize                     = 122912730                              {pd product} {ergonomic}
    uintx ReservedCodeCacheSize                    = 251658240                              {pd product} {ergonomic}
     bool SegmentedCodeCache                       = true                                      {product} {ergonomic}
     bool ShowCodeDetailsInExceptionMessages       = true                                   {manageable} {command line}
   size_t SoftMaxHeapSize                          = 2132803584                             {manageable} {ergonomic}
     bool UseCompressedClassPointers               = true                                 {lp64_product} {ergonomic}
     bool UseCompressedOops                        = true                                 {lp64_product} {ergonomic}
     bool UseG1GC                                  = true                                      {product} {ergonomic}
     bool UseLargePagesIndividualAllocation        = false                                  {pd product} {ergonomic}

Logging:
Log output configuration:
 #0: stdout all=warning uptime,level,tags
 #1: stderr all=off uptime,level,tags

Environment Variables:
PATH=C:/Users/dakota/.p2/pool/plugins/org.eclipse.justj.openjdk.hotspot.jre.full.win32.x86_64_15.0.1.v20201027-0507/jre/bin/server;C:/Users/dakota/.p2/pool/plugins/org.eclipse.justj.openjdk.hotspot.jre.full.win32.x86_64_15.0.1.v20201027-0507/jre/bin;C:\Program Files\Common Files\Oracle\Java\javapath;C:\app\dakota\virtual\product\12.2.0\dbhome_2\bin;C:\app\dakota\virtual\product\12.2.0\dbhome_1\bin;C:\app\dakota\product\12.1.0\dbhome_1\bin;C:\app\dakota\product\11.2.0\dbhome_2\bin;C:\app\dakota\product\18.0.0\dbhomeXE\bin;C:\Program Files (x86)\Common Files\Oracle\Java\javapath;C:\ProgramData\Oracle\Java\javapath;C:\Program Files (x86)\AMD APP\bin\x86_64;C:\Program Files (x86)\AMD APP\bin\x86;C:\Program Files (x86)\Intel\iCLS Client\;C:\Program Files\Intel\iCLS Client\;C:\WINDOWS\system32;C:\WINDOWS;C:\WINDOWS\System32\Wbem;C:\WINDOWS\System32\WindowsPowerShell\v1.0\;C:\Program Files\Intel\Intel(R) Management Engine Components\DAL;C:\Program Files\Intel\Intel(R) Management Engine Components\IPT;C:\Program Files (x86)\Intel\Intel(R) Management Engine Components\DAL;C:\Program Files (x86)\Intel\Intel(R) Management Engine Components\IPT;C:\Program Files (x86)\ATI Technologies\ATI.ACE\Core-Static;C:\Program Files (x86)\QuickTime\QTSystem\;C:\Program Files (x86)\Skype\Phone\;C:\Program Files\Microsoft SQL Server\110\Tools\Binn\;C:\Program Files (x86)\Microsoft SDKs\TypeScript\1.0\;C:\Program Files\Microsoft SQL Server\120\Tools\Binn\;C:\Program Files\dotnet\;C:\Program Files (x86)\GtkSharp\2.12\bin;C:\WINDOWS\System32\OpenSSH\;C:\Program Files\PuTTY\;C:\Strawberry\c\bin;C:\Strawberry\perl\site\bin;C:\Strawberry\perl\bin;C:\Program Files (x86)\NVIDIA Corporation\PhysX\Common;C:\Program Files\Git\cmd;C:\WINDOWS\system32;C:\WINDOWS;C:\WINDOWS\System32\Wbem;C:\WINDOWS\System32\WindowsPowerShell\v1.0\;C:\WINDOWS\System32\OpenSSH\;C:\TDM-GCC-64\bin;C:\Users\dakota\AppData\Local\Microsoft\WindowsApps;C:\Users\dakota\AppData\Local\GitHubDesktop\bin;C:\Users\dakota\Desktop;
USERNAME=dakota
OS=Windows_NT
PROCESSOR_IDENTIFIER=Intel64 Family 6 Model 58 Stepping 9, GenuineIntel



---------------  S Y S T E M  ---------------

OS:
 Windows 10 , 64 bit Build 19041 (10.0.19041.662)
OS uptime: 2 days 2:09 hours

CPU: total 4 (initial active 4) (4 cores per cpu, 1 threads per core) family 6 model 58 stepping 9 microcode 0x21, cmov, cx8, fxsr, mmx, sse, sse2, sse3, ssse3, sse4.1, sse4.2, popcnt, vzeroupper, avx, aes, clmul, erms, tsc, tscinvbit, tscinv, clflush

Memory: 4k page, system-wide physical 8135M (1463M free)
TotalPageFile size 17863M (AvailPageFile size 6113M)
current process WorkingSet (physical memory assigned to process): 71M, peak: 87M
current process commit charge ("private bytes"): 235M, peak: 252M

vm_info: OpenJDK 64-Bit Server VM (15.0.1+9-18) for windows-amd64 JRE (15.0.1+9-18), built on Sep 15 2020 14:39:31 by "mach5one" with unknown MS VC++:1925

END.
